   1               		.file	"ConfigDescriptors.c"
   2               	__SP_H__ = 0x3e
   3               	__SP_L__ = 0x3d
   4               	__SREG__ = 0x3f
   5               	__tmp_reg__ = 0
   6               	__zero_reg__ = 1
   7               		.text
   8               	.Ltext0:
   9               		.cfi_sections	.debug_frame
  10               		.section	.text.USB_GetNextDescriptor,"ax",@progbits
  12               	USB_GetNextDescriptor:
  13               	.LFB87:
  14               		.file 1 "lib/lufa/LUFA/Drivers/USB/Core/ConfigDescriptors.h"
   1:lib/lufa/LUFA/Drivers/USB/Core/ConfigDescriptors.h **** /*
   2:lib/lufa/LUFA/Drivers/USB/Core/ConfigDescriptors.h ****              LUFA Library
   3:lib/lufa/LUFA/Drivers/USB/Core/ConfigDescriptors.h ****      Copyright (C) Dean Camera, 2017.
   4:lib/lufa/LUFA/Drivers/USB/Core/ConfigDescriptors.h **** 
   5:lib/lufa/LUFA/Drivers/USB/Core/ConfigDescriptors.h ****   dean [at] fourwalledcubicle [dot] com
   6:lib/lufa/LUFA/Drivers/USB/Core/ConfigDescriptors.h ****            www.lufa-lib.org
   7:lib/lufa/LUFA/Drivers/USB/Core/ConfigDescriptors.h **** */
   8:lib/lufa/LUFA/Drivers/USB/Core/ConfigDescriptors.h **** 
   9:lib/lufa/LUFA/Drivers/USB/Core/ConfigDescriptors.h **** /*
  10:lib/lufa/LUFA/Drivers/USB/Core/ConfigDescriptors.h ****   Copyright 2017  Dean Camera (dean [at] fourwalledcubicle [dot] com)
  11:lib/lufa/LUFA/Drivers/USB/Core/ConfigDescriptors.h **** 
  12:lib/lufa/LUFA/Drivers/USB/Core/ConfigDescriptors.h ****   Permission to use, copy, modify, distribute, and sell this
  13:lib/lufa/LUFA/Drivers/USB/Core/ConfigDescriptors.h ****   software and its documentation for any purpose is hereby granted
  14:lib/lufa/LUFA/Drivers/USB/Core/ConfigDescriptors.h ****   without fee, provided that the above copyright notice appear in
  15:lib/lufa/LUFA/Drivers/USB/Core/ConfigDescriptors.h ****   all copies and that both that the copyright notice and this
  16:lib/lufa/LUFA/Drivers/USB/Core/ConfigDescriptors.h ****   permission notice and warranty disclaimer appear in supporting
  17:lib/lufa/LUFA/Drivers/USB/Core/ConfigDescriptors.h ****   documentation, and that the name of the author not be used in
  18:lib/lufa/LUFA/Drivers/USB/Core/ConfigDescriptors.h ****   advertising or publicity pertaining to distribution of the
  19:lib/lufa/LUFA/Drivers/USB/Core/ConfigDescriptors.h ****   software without specific, written prior permission.
  20:lib/lufa/LUFA/Drivers/USB/Core/ConfigDescriptors.h **** 
  21:lib/lufa/LUFA/Drivers/USB/Core/ConfigDescriptors.h ****   The author disclaims all warranties with regard to this
  22:lib/lufa/LUFA/Drivers/USB/Core/ConfigDescriptors.h ****   software, including all implied warranties of merchantability
  23:lib/lufa/LUFA/Drivers/USB/Core/ConfigDescriptors.h ****   and fitness.  In no event shall the author be liable for any
  24:lib/lufa/LUFA/Drivers/USB/Core/ConfigDescriptors.h ****   special, indirect or consequential damages or any damages
  25:lib/lufa/LUFA/Drivers/USB/Core/ConfigDescriptors.h ****   whatsoever resulting from loss of use, data or profits, whether
  26:lib/lufa/LUFA/Drivers/USB/Core/ConfigDescriptors.h ****   in an action of contract, negligence or other tortious action,
  27:lib/lufa/LUFA/Drivers/USB/Core/ConfigDescriptors.h ****   arising out of or in connection with the use or performance of
  28:lib/lufa/LUFA/Drivers/USB/Core/ConfigDescriptors.h ****   this software.
  29:lib/lufa/LUFA/Drivers/USB/Core/ConfigDescriptors.h **** */
  30:lib/lufa/LUFA/Drivers/USB/Core/ConfigDescriptors.h **** 
  31:lib/lufa/LUFA/Drivers/USB/Core/ConfigDescriptors.h **** /** \file
  32:lib/lufa/LUFA/Drivers/USB/Core/ConfigDescriptors.h ****  *  \brief USB Configuration Descriptor definitions.
  33:lib/lufa/LUFA/Drivers/USB/Core/ConfigDescriptors.h ****  *  \copydetails Group_ConfigDescriptorParser
  34:lib/lufa/LUFA/Drivers/USB/Core/ConfigDescriptors.h ****  *
  35:lib/lufa/LUFA/Drivers/USB/Core/ConfigDescriptors.h ****  *  \note This file should not be included directly. It is automatically included as needed by the 
  36:lib/lufa/LUFA/Drivers/USB/Core/ConfigDescriptors.h ****  *        dispatch header located in LUFA/Drivers/USB/USB.h.
  37:lib/lufa/LUFA/Drivers/USB/Core/ConfigDescriptors.h ****  */
  38:lib/lufa/LUFA/Drivers/USB/Core/ConfigDescriptors.h **** 
  39:lib/lufa/LUFA/Drivers/USB/Core/ConfigDescriptors.h **** /** \ingroup Group_StdDescriptors
  40:lib/lufa/LUFA/Drivers/USB/Core/ConfigDescriptors.h ****  *  \defgroup Group_ConfigDescriptorParser Configuration Descriptor Parser
  41:lib/lufa/LUFA/Drivers/USB/Core/ConfigDescriptors.h ****  *  \brief USB Configuration Descriptor definitions.
  42:lib/lufa/LUFA/Drivers/USB/Core/ConfigDescriptors.h ****  *
  43:lib/lufa/LUFA/Drivers/USB/Core/ConfigDescriptors.h ****  *  This section of the library gives a friendly API which can be used in host applications to easi
  44:lib/lufa/LUFA/Drivers/USB/Core/ConfigDescriptors.h ****  *  parse an attached device's configuration descriptor so that endpoint, interface and other descr
  45:lib/lufa/LUFA/Drivers/USB/Core/ConfigDescriptors.h ****  *  data can be extracted and used as needed.
  46:lib/lufa/LUFA/Drivers/USB/Core/ConfigDescriptors.h ****  *
  47:lib/lufa/LUFA/Drivers/USB/Core/ConfigDescriptors.h ****  *  @{
  48:lib/lufa/LUFA/Drivers/USB/Core/ConfigDescriptors.h ****  */
  49:lib/lufa/LUFA/Drivers/USB/Core/ConfigDescriptors.h **** 
  50:lib/lufa/LUFA/Drivers/USB/Core/ConfigDescriptors.h **** #ifndef __CONFIGDESCRIPTORS_H__
  51:lib/lufa/LUFA/Drivers/USB/Core/ConfigDescriptors.h **** #define __CONFIGDESCRIPTORS_H__
  52:lib/lufa/LUFA/Drivers/USB/Core/ConfigDescriptors.h **** 
  53:lib/lufa/LUFA/Drivers/USB/Core/ConfigDescriptors.h **** 	/* Includes: */
  54:lib/lufa/LUFA/Drivers/USB/Core/ConfigDescriptors.h **** 		#include "../../../Common/Common.h"
  55:lib/lufa/LUFA/Drivers/USB/Core/ConfigDescriptors.h **** 		#include "USBMode.h"
  56:lib/lufa/LUFA/Drivers/USB/Core/ConfigDescriptors.h **** 		#include "HostStandardReq.h"
  57:lib/lufa/LUFA/Drivers/USB/Core/ConfigDescriptors.h **** 		#include "StdDescriptors.h"
  58:lib/lufa/LUFA/Drivers/USB/Core/ConfigDescriptors.h **** 
  59:lib/lufa/LUFA/Drivers/USB/Core/ConfigDescriptors.h **** 	/* Enable C linkage for C++ Compilers: */
  60:lib/lufa/LUFA/Drivers/USB/Core/ConfigDescriptors.h **** 		#if defined(__cplusplus)
  61:lib/lufa/LUFA/Drivers/USB/Core/ConfigDescriptors.h **** 			extern "C" {
  62:lib/lufa/LUFA/Drivers/USB/Core/ConfigDescriptors.h **** 		#endif
  63:lib/lufa/LUFA/Drivers/USB/Core/ConfigDescriptors.h **** 
  64:lib/lufa/LUFA/Drivers/USB/Core/ConfigDescriptors.h **** 	/* Preprocessor Checks: */
  65:lib/lufa/LUFA/Drivers/USB/Core/ConfigDescriptors.h **** 		#if !defined(__INCLUDE_FROM_USB_DRIVER)
  66:lib/lufa/LUFA/Drivers/USB/Core/ConfigDescriptors.h **** 			#error Do not include this file directly. Include LUFA/Drivers/USB/USB.h instead.
  67:lib/lufa/LUFA/Drivers/USB/Core/ConfigDescriptors.h **** 		#endif
  68:lib/lufa/LUFA/Drivers/USB/Core/ConfigDescriptors.h **** 
  69:lib/lufa/LUFA/Drivers/USB/Core/ConfigDescriptors.h **** 	/* Public Interface - May be used in end-application: */
  70:lib/lufa/LUFA/Drivers/USB/Core/ConfigDescriptors.h **** 		/* Macros: */
  71:lib/lufa/LUFA/Drivers/USB/Core/ConfigDescriptors.h **** 			/** Casts a pointer to a descriptor inside the configuration descriptor into a pointer to the gi
  72:lib/lufa/LUFA/Drivers/USB/Core/ConfigDescriptors.h **** 			 *  descriptor type.
  73:lib/lufa/LUFA/Drivers/USB/Core/ConfigDescriptors.h **** 			 *
  74:lib/lufa/LUFA/Drivers/USB/Core/ConfigDescriptors.h **** 			 *  Usage Example:
  75:lib/lufa/LUFA/Drivers/USB/Core/ConfigDescriptors.h **** 			 *  \code
  76:lib/lufa/LUFA/Drivers/USB/Core/ConfigDescriptors.h **** 			 *  uint8_t* CurrDescriptor = &ConfigDescriptor[0]; // Pointing to the configuration header
  77:lib/lufa/LUFA/Drivers/USB/Core/ConfigDescriptors.h **** 			 *  USB_Descriptor_Configuration_Header_t* ConfigHeaderPtr = DESCRIPTOR_PCAST(CurrDescriptor,
  78:lib/lufa/LUFA/Drivers/USB/Core/ConfigDescriptors.h **** 			 *                                                           USB_Descriptor_Configuration_Header
  79:lib/lufa/LUFA/Drivers/USB/Core/ConfigDescriptors.h **** 			 *
  80:lib/lufa/LUFA/Drivers/USB/Core/ConfigDescriptors.h **** 			 *  // Can now access elements of the configuration header struct using the -> indirection opera
  81:lib/lufa/LUFA/Drivers/USB/Core/ConfigDescriptors.h **** 			 *  \endcode
  82:lib/lufa/LUFA/Drivers/USB/Core/ConfigDescriptors.h **** 			 */
  83:lib/lufa/LUFA/Drivers/USB/Core/ConfigDescriptors.h **** 			#define DESCRIPTOR_PCAST(DescriptorPtr, Type) ((Type*)(DescriptorPtr))
  84:lib/lufa/LUFA/Drivers/USB/Core/ConfigDescriptors.h **** 
  85:lib/lufa/LUFA/Drivers/USB/Core/ConfigDescriptors.h **** 			/** Casts a pointer to a descriptor inside the configuration descriptor into the given descripto
  86:lib/lufa/LUFA/Drivers/USB/Core/ConfigDescriptors.h **** 			 *  type (as an actual struct instance rather than a pointer to a struct).
  87:lib/lufa/LUFA/Drivers/USB/Core/ConfigDescriptors.h **** 			 *
  88:lib/lufa/LUFA/Drivers/USB/Core/ConfigDescriptors.h **** 			 *  Usage Example:
  89:lib/lufa/LUFA/Drivers/USB/Core/ConfigDescriptors.h **** 			 *  \code
  90:lib/lufa/LUFA/Drivers/USB/Core/ConfigDescriptors.h **** 			 *  uint8_t* CurrDescriptor = &ConfigDescriptor[0]; // Pointing to the configuration header
  91:lib/lufa/LUFA/Drivers/USB/Core/ConfigDescriptors.h **** 			 *  USB_Descriptor_Configuration_Header_t ConfigHeader = DESCRIPTOR_CAST(CurrDescriptor,
  92:lib/lufa/LUFA/Drivers/USB/Core/ConfigDescriptors.h **** 			 *                                                       USB_Descriptor_Configuration_Header_t);
  93:lib/lufa/LUFA/Drivers/USB/Core/ConfigDescriptors.h **** 			 *
  94:lib/lufa/LUFA/Drivers/USB/Core/ConfigDescriptors.h **** 			 *  // Can now access elements of the configuration header struct using the . operator
  95:lib/lufa/LUFA/Drivers/USB/Core/ConfigDescriptors.h **** 			 *  \endcode
  96:lib/lufa/LUFA/Drivers/USB/Core/ConfigDescriptors.h **** 			 */
  97:lib/lufa/LUFA/Drivers/USB/Core/ConfigDescriptors.h **** 			#define DESCRIPTOR_CAST(DescriptorPtr, Type)  (*DESCRIPTOR_PCAST(DescriptorPtr, Type))
  98:lib/lufa/LUFA/Drivers/USB/Core/ConfigDescriptors.h **** 
  99:lib/lufa/LUFA/Drivers/USB/Core/ConfigDescriptors.h **** 			/** Returns the descriptor's type, expressed as the 8-bit type value in the header of the descri
 100:lib/lufa/LUFA/Drivers/USB/Core/ConfigDescriptors.h **** 			 *  This value's meaning depends on the descriptor's placement in the descriptor, but standard t
 101:lib/lufa/LUFA/Drivers/USB/Core/ConfigDescriptors.h **** 			 *  values can be accessed in the \ref USB_DescriptorTypes_t enum.
 102:lib/lufa/LUFA/Drivers/USB/Core/ConfigDescriptors.h **** 			 */
 103:lib/lufa/LUFA/Drivers/USB/Core/ConfigDescriptors.h **** 			#define DESCRIPTOR_TYPE(DescriptorPtr)    DESCRIPTOR_PCAST(DescriptorPtr, USB_Descriptor_Header_
 104:lib/lufa/LUFA/Drivers/USB/Core/ConfigDescriptors.h **** 
 105:lib/lufa/LUFA/Drivers/USB/Core/ConfigDescriptors.h **** 			/** Returns the descriptor's size, expressed as the 8-bit value indicating the number of bytes. 
 106:lib/lufa/LUFA/Drivers/USB/Core/ConfigDescriptors.h **** 			#define DESCRIPTOR_SIZE(DescriptorPtr)    DESCRIPTOR_PCAST(DescriptorPtr, USB_Descriptor_Header_
 107:lib/lufa/LUFA/Drivers/USB/Core/ConfigDescriptors.h **** 
 108:lib/lufa/LUFA/Drivers/USB/Core/ConfigDescriptors.h **** 		/* Type Defines: */
 109:lib/lufa/LUFA/Drivers/USB/Core/ConfigDescriptors.h **** 			/** Type define for a Configuration Descriptor comparator function (function taking a pointer to
 110:lib/lufa/LUFA/Drivers/USB/Core/ConfigDescriptors.h **** 			 *  of type void, returning a uint8_t value).
 111:lib/lufa/LUFA/Drivers/USB/Core/ConfigDescriptors.h **** 			 *
 112:lib/lufa/LUFA/Drivers/USB/Core/ConfigDescriptors.h **** 			 *  \see \ref USB_GetNextDescriptorComp function for more details.
 113:lib/lufa/LUFA/Drivers/USB/Core/ConfigDescriptors.h **** 			 */
 114:lib/lufa/LUFA/Drivers/USB/Core/ConfigDescriptors.h **** 			typedef uint8_t (* ConfigComparatorPtr_t)(void*);
 115:lib/lufa/LUFA/Drivers/USB/Core/ConfigDescriptors.h **** 
 116:lib/lufa/LUFA/Drivers/USB/Core/ConfigDescriptors.h **** 		/* Enums: */
 117:lib/lufa/LUFA/Drivers/USB/Core/ConfigDescriptors.h **** 			/** Enum for the possible return codes of the \ref USB_Host_GetDeviceConfigDescriptor() function
 118:lib/lufa/LUFA/Drivers/USB/Core/ConfigDescriptors.h **** 			enum USB_Host_GetConfigDescriptor_ErrorCodes_t
 119:lib/lufa/LUFA/Drivers/USB/Core/ConfigDescriptors.h **** 			{
 120:lib/lufa/LUFA/Drivers/USB/Core/ConfigDescriptors.h **** 				HOST_GETCONFIG_Successful       = 0, /**< No error occurred while retrieving the configuration 
 121:lib/lufa/LUFA/Drivers/USB/Core/ConfigDescriptors.h **** 				HOST_GETCONFIG_DeviceDisconnect = 1, /**< The attached device was disconnected while retrieving
 122:lib/lufa/LUFA/Drivers/USB/Core/ConfigDescriptors.h **** 				                                      *   descriptor.
 123:lib/lufa/LUFA/Drivers/USB/Core/ConfigDescriptors.h **** 				                                      */
 124:lib/lufa/LUFA/Drivers/USB/Core/ConfigDescriptors.h **** 				HOST_GETCONFIG_PipeError        = 2, /**< An error occurred in the pipe while sending the reque
 125:lib/lufa/LUFA/Drivers/USB/Core/ConfigDescriptors.h **** 				HOST_GETCONFIG_SetupStalled     = 3, /**< The attached device stalled the request to retrieve t
 126:lib/lufa/LUFA/Drivers/USB/Core/ConfigDescriptors.h **** 				                                      *   descriptor.
 127:lib/lufa/LUFA/Drivers/USB/Core/ConfigDescriptors.h **** 				                                      */
 128:lib/lufa/LUFA/Drivers/USB/Core/ConfigDescriptors.h **** 				HOST_GETCONFIG_SoftwareTimeOut  = 4, /**< The request or data transfer timed out. */
 129:lib/lufa/LUFA/Drivers/USB/Core/ConfigDescriptors.h **** 				HOST_GETCONFIG_BuffOverflow     = 5, /**< The device's configuration descriptor is too large to
 130:lib/lufa/LUFA/Drivers/USB/Core/ConfigDescriptors.h **** 				                                      *   buffer.
 131:lib/lufa/LUFA/Drivers/USB/Core/ConfigDescriptors.h **** 				                                      */
 132:lib/lufa/LUFA/Drivers/USB/Core/ConfigDescriptors.h **** 				HOST_GETCONFIG_InvalidData      = 6, /**< The device returned invalid configuration descriptor 
 133:lib/lufa/LUFA/Drivers/USB/Core/ConfigDescriptors.h **** 			};
 134:lib/lufa/LUFA/Drivers/USB/Core/ConfigDescriptors.h **** 
 135:lib/lufa/LUFA/Drivers/USB/Core/ConfigDescriptors.h **** 			/** Enum for return values of a descriptor comparator function. */
 136:lib/lufa/LUFA/Drivers/USB/Core/ConfigDescriptors.h **** 			enum DSearch_Return_ErrorCodes_t
 137:lib/lufa/LUFA/Drivers/USB/Core/ConfigDescriptors.h **** 			{
 138:lib/lufa/LUFA/Drivers/USB/Core/ConfigDescriptors.h **** 				DESCRIPTOR_SEARCH_Found                = 0, /**< Current descriptor matches comparator criteria
 139:lib/lufa/LUFA/Drivers/USB/Core/ConfigDescriptors.h **** 				DESCRIPTOR_SEARCH_Fail                 = 1, /**< No further descriptor could possibly match cri
 140:lib/lufa/LUFA/Drivers/USB/Core/ConfigDescriptors.h **** 				DESCRIPTOR_SEARCH_NotFound             = 2, /**< Current descriptor does not match comparator c
 141:lib/lufa/LUFA/Drivers/USB/Core/ConfigDescriptors.h **** 			};
 142:lib/lufa/LUFA/Drivers/USB/Core/ConfigDescriptors.h **** 
 143:lib/lufa/LUFA/Drivers/USB/Core/ConfigDescriptors.h **** 			/** Enum for return values of \ref USB_GetNextDescriptorComp(). */
 144:lib/lufa/LUFA/Drivers/USB/Core/ConfigDescriptors.h **** 			enum DSearch_Comp_Return_ErrorCodes_t
 145:lib/lufa/LUFA/Drivers/USB/Core/ConfigDescriptors.h **** 			{
 146:lib/lufa/LUFA/Drivers/USB/Core/ConfigDescriptors.h **** 				DESCRIPTOR_SEARCH_COMP_Found           = 0, /**< Configuration descriptor now points to descrip
 147:lib/lufa/LUFA/Drivers/USB/Core/ConfigDescriptors.h **** 				                                             *   search criteria of the given comparator functi
 148:lib/lufa/LUFA/Drivers/USB/Core/ConfigDescriptors.h **** 				DESCRIPTOR_SEARCH_COMP_Fail            = 1, /**< Comparator function returned \ref DESCRIPTOR_S
 149:lib/lufa/LUFA/Drivers/USB/Core/ConfigDescriptors.h **** 				DESCRIPTOR_SEARCH_COMP_EndOfDescriptor = 2, /**< End of configuration descriptor reached before
 150:lib/lufa/LUFA/Drivers/USB/Core/ConfigDescriptors.h **** 			};
 151:lib/lufa/LUFA/Drivers/USB/Core/ConfigDescriptors.h **** 
 152:lib/lufa/LUFA/Drivers/USB/Core/ConfigDescriptors.h **** 		/* Function Prototypes: */
 153:lib/lufa/LUFA/Drivers/USB/Core/ConfigDescriptors.h **** 			/** Retrieves the configuration descriptor data from an attached device via a standard request i
 154:lib/lufa/LUFA/Drivers/USB/Core/ConfigDescriptors.h **** 			 *  including validity and size checking to prevent a buffer overflow.
 155:lib/lufa/LUFA/Drivers/USB/Core/ConfigDescriptors.h **** 			 *
 156:lib/lufa/LUFA/Drivers/USB/Core/ConfigDescriptors.h **** 			 *  \param[in]     ConfigNumber   Device configuration descriptor number to fetch from the devic
 157:lib/lufa/LUFA/Drivers/USB/Core/ConfigDescriptors.h **** 			 *                                single configuration devices).
 158:lib/lufa/LUFA/Drivers/USB/Core/ConfigDescriptors.h **** 			 *  \param[in,out] ConfigSizePtr  Pointer to a location for storing the retrieved configuration 
 159:lib/lufa/LUFA/Drivers/USB/Core/ConfigDescriptors.h **** 			 *  \param[out]    BufferPtr      Pointer to the buffer for storing the configuration descriptor
 160:lib/lufa/LUFA/Drivers/USB/Core/ConfigDescriptors.h **** 			 *  \param[out]    BufferSize     Size of the allocated buffer where the configuration descripto
 161:lib/lufa/LUFA/Drivers/USB/Core/ConfigDescriptors.h **** 			 *
 162:lib/lufa/LUFA/Drivers/USB/Core/ConfigDescriptors.h **** 			 *  \return A value from the \ref USB_Host_GetConfigDescriptor_ErrorCodes_t enum.
 163:lib/lufa/LUFA/Drivers/USB/Core/ConfigDescriptors.h **** 			 */
 164:lib/lufa/LUFA/Drivers/USB/Core/ConfigDescriptors.h **** 			uint8_t USB_Host_GetDeviceConfigDescriptor(const uint8_t ConfigNumber,
 165:lib/lufa/LUFA/Drivers/USB/Core/ConfigDescriptors.h **** 			                                           uint16_t* const ConfigSizePtr,
 166:lib/lufa/LUFA/Drivers/USB/Core/ConfigDescriptors.h **** 			                                           void* const BufferPtr,
 167:lib/lufa/LUFA/Drivers/USB/Core/ConfigDescriptors.h **** 			                                           const uint16_t BufferSize) ATTR_NON_NULL_PTR_ARG(2) A
 168:lib/lufa/LUFA/Drivers/USB/Core/ConfigDescriptors.h **** 
 169:lib/lufa/LUFA/Drivers/USB/Core/ConfigDescriptors.h **** 			/** Skips to the next sub-descriptor inside the configuration descriptor of the specified type v
 170:lib/lufa/LUFA/Drivers/USB/Core/ConfigDescriptors.h **** 			 *  The bytes remaining value is automatically decremented.
 171:lib/lufa/LUFA/Drivers/USB/Core/ConfigDescriptors.h **** 			 *
 172:lib/lufa/LUFA/Drivers/USB/Core/ConfigDescriptors.h **** 			 * \param[in,out] BytesRem       Pointer to the number of bytes remaining of the configuration d
 173:lib/lufa/LUFA/Drivers/USB/Core/ConfigDescriptors.h **** 			 * \param[in,out] CurrConfigLoc  Pointer to the current descriptor inside the configuration desc
 174:lib/lufa/LUFA/Drivers/USB/Core/ConfigDescriptors.h **** 			 * \param[in]     Type           Descriptor type value to search for.
 175:lib/lufa/LUFA/Drivers/USB/Core/ConfigDescriptors.h **** 			 */
 176:lib/lufa/LUFA/Drivers/USB/Core/ConfigDescriptors.h **** 			void USB_GetNextDescriptorOfType(uint16_t* const BytesRem,
 177:lib/lufa/LUFA/Drivers/USB/Core/ConfigDescriptors.h **** 			                                 void** const CurrConfigLoc,
 178:lib/lufa/LUFA/Drivers/USB/Core/ConfigDescriptors.h **** 			                                 const uint8_t Type)
 179:lib/lufa/LUFA/Drivers/USB/Core/ConfigDescriptors.h **** 			                                 ATTR_NON_NULL_PTR_ARG(1) ATTR_NON_NULL_PTR_ARG(2);
 180:lib/lufa/LUFA/Drivers/USB/Core/ConfigDescriptors.h **** 
 181:lib/lufa/LUFA/Drivers/USB/Core/ConfigDescriptors.h **** 			/** Skips to the next sub-descriptor inside the configuration descriptor of the specified type v
 182:lib/lufa/LUFA/Drivers/USB/Core/ConfigDescriptors.h **** 			 *  which must come before a descriptor of the second given type value. If the BeforeType type
 183:lib/lufa/LUFA/Drivers/USB/Core/ConfigDescriptors.h **** 			 *  descriptor is reached first, the number of bytes remaining to process is set to zero and the
 184:lib/lufa/LUFA/Drivers/USB/Core/ConfigDescriptors.h **** 			 *  function exits. The bytes remaining value is automatically decremented.
 185:lib/lufa/LUFA/Drivers/USB/Core/ConfigDescriptors.h **** 			 *
 186:lib/lufa/LUFA/Drivers/USB/Core/ConfigDescriptors.h **** 			 * \param[in,out] BytesRem       Pointer to the number of bytes remaining of the configuration d
 187:lib/lufa/LUFA/Drivers/USB/Core/ConfigDescriptors.h **** 			 * \param[in,out] CurrConfigLoc  Pointer to the current descriptor inside the configuration desc
 188:lib/lufa/LUFA/Drivers/USB/Core/ConfigDescriptors.h **** 			 * \param[in]     Type           Descriptor type value to search for.
 189:lib/lufa/LUFA/Drivers/USB/Core/ConfigDescriptors.h **** 			 * \param[in]     BeforeType     Descriptor type value which must not be reached before the give
 190:lib/lufa/LUFA/Drivers/USB/Core/ConfigDescriptors.h **** 			 */
 191:lib/lufa/LUFA/Drivers/USB/Core/ConfigDescriptors.h **** 			void USB_GetNextDescriptorOfTypeBefore(uint16_t* const BytesRem,
 192:lib/lufa/LUFA/Drivers/USB/Core/ConfigDescriptors.h **** 			                                       void** const CurrConfigLoc,
 193:lib/lufa/LUFA/Drivers/USB/Core/ConfigDescriptors.h **** 			                                       const uint8_t Type,
 194:lib/lufa/LUFA/Drivers/USB/Core/ConfigDescriptors.h **** 			                                       const uint8_t BeforeType)
 195:lib/lufa/LUFA/Drivers/USB/Core/ConfigDescriptors.h **** 			                                       ATTR_NON_NULL_PTR_ARG(1) ATTR_NON_NULL_PTR_ARG(2);
 196:lib/lufa/LUFA/Drivers/USB/Core/ConfigDescriptors.h **** 
 197:lib/lufa/LUFA/Drivers/USB/Core/ConfigDescriptors.h **** 			/** Skips to the next sub-descriptor inside the configuration descriptor of the specified type v
 198:lib/lufa/LUFA/Drivers/USB/Core/ConfigDescriptors.h **** 			 *  which must come after a descriptor of the second given type value. The bytes remaining value
 199:lib/lufa/LUFA/Drivers/USB/Core/ConfigDescriptors.h **** 			 *  automatically decremented.
 200:lib/lufa/LUFA/Drivers/USB/Core/ConfigDescriptors.h **** 			 *
 201:lib/lufa/LUFA/Drivers/USB/Core/ConfigDescriptors.h **** 			 * \param[in,out] BytesRem       Pointer to the number of bytes remaining of the configuration d
 202:lib/lufa/LUFA/Drivers/USB/Core/ConfigDescriptors.h **** 			 * \param[in,out] CurrConfigLoc  Pointer to the current descriptor inside the configuration desc
 203:lib/lufa/LUFA/Drivers/USB/Core/ConfigDescriptors.h **** 			 * \param[in]     Type           Descriptor type value to search for.
 204:lib/lufa/LUFA/Drivers/USB/Core/ConfigDescriptors.h **** 			 * \param[in]     AfterType      Descriptor type value which must be reached before the given Ty
 205:lib/lufa/LUFA/Drivers/USB/Core/ConfigDescriptors.h **** 			 */
 206:lib/lufa/LUFA/Drivers/USB/Core/ConfigDescriptors.h **** 			void USB_GetNextDescriptorOfTypeAfter(uint16_t* const BytesRem,
 207:lib/lufa/LUFA/Drivers/USB/Core/ConfigDescriptors.h **** 			                                      void** const CurrConfigLoc,
 208:lib/lufa/LUFA/Drivers/USB/Core/ConfigDescriptors.h **** 			                                      const uint8_t Type,
 209:lib/lufa/LUFA/Drivers/USB/Core/ConfigDescriptors.h **** 			                                      const uint8_t AfterType)
 210:lib/lufa/LUFA/Drivers/USB/Core/ConfigDescriptors.h **** 			                                      ATTR_NON_NULL_PTR_ARG(1) ATTR_NON_NULL_PTR_ARG(2);
 211:lib/lufa/LUFA/Drivers/USB/Core/ConfigDescriptors.h **** 
 212:lib/lufa/LUFA/Drivers/USB/Core/ConfigDescriptors.h **** 			/** Searches for the next descriptor in the given configuration descriptor using a pre-made comp
 213:lib/lufa/LUFA/Drivers/USB/Core/ConfigDescriptors.h **** 			 *  function. The routine updates the position and remaining configuration descriptor bytes valu
 214:lib/lufa/LUFA/Drivers/USB/Core/ConfigDescriptors.h **** 			 *  automatically. If a comparator routine fails a search, the descriptor pointer is retreated b
 215:lib/lufa/LUFA/Drivers/USB/Core/ConfigDescriptors.h **** 			 *  so that the next descriptor search invocation will start from the descriptor which first cau
 216:lib/lufa/LUFA/Drivers/USB/Core/ConfigDescriptors.h **** 			 *  original search to fail. This behavior allows for one comparator to be used immediately afte
 217:lib/lufa/LUFA/Drivers/USB/Core/ConfigDescriptors.h **** 			 *  has failed, starting the second search from the descriptor which failed the first.
 218:lib/lufa/LUFA/Drivers/USB/Core/ConfigDescriptors.h **** 			 *
 219:lib/lufa/LUFA/Drivers/USB/Core/ConfigDescriptors.h **** 			 *  Comparator functions should be standard functions which accept a pointer to the header of th
 220:lib/lufa/LUFA/Drivers/USB/Core/ConfigDescriptors.h **** 			 *  descriptor inside the configuration descriptor which is being compared, and should return a 
 221:lib/lufa/LUFA/Drivers/USB/Core/ConfigDescriptors.h **** 			 *  the \ref DSearch_Return_ErrorCodes_t enum as a uint8_t value.
 222:lib/lufa/LUFA/Drivers/USB/Core/ConfigDescriptors.h **** 			 *
 223:lib/lufa/LUFA/Drivers/USB/Core/ConfigDescriptors.h **** 			 *  \note This function is available in USB Host mode only.
 224:lib/lufa/LUFA/Drivers/USB/Core/ConfigDescriptors.h **** 			 *
 225:lib/lufa/LUFA/Drivers/USB/Core/ConfigDescriptors.h **** 			 *  \param[in,out] BytesRem           Pointer to an int storing the remaining bytes in the confi
 226:lib/lufa/LUFA/Drivers/USB/Core/ConfigDescriptors.h **** 			 *  \param[in,out] CurrConfigLoc      Pointer to the current position in the configuration descr
 227:lib/lufa/LUFA/Drivers/USB/Core/ConfigDescriptors.h **** 			 *  \param[in]     ComparatorRoutine  Name of the comparator search function to use on the confi
 228:lib/lufa/LUFA/Drivers/USB/Core/ConfigDescriptors.h **** 			 *
 229:lib/lufa/LUFA/Drivers/USB/Core/ConfigDescriptors.h **** 			 *  \return Value of one of the members of the \ref DSearch_Comp_Return_ErrorCodes_t enum.
 230:lib/lufa/LUFA/Drivers/USB/Core/ConfigDescriptors.h **** 			 *
 231:lib/lufa/LUFA/Drivers/USB/Core/ConfigDescriptors.h **** 			 *  Usage Example:
 232:lib/lufa/LUFA/Drivers/USB/Core/ConfigDescriptors.h **** 			 *  \code
 233:lib/lufa/LUFA/Drivers/USB/Core/ConfigDescriptors.h **** 			 *  uint8_t EndpointSearcher(void* CurrentDescriptor); // Comparator Prototype
 234:lib/lufa/LUFA/Drivers/USB/Core/ConfigDescriptors.h **** 			 *
 235:lib/lufa/LUFA/Drivers/USB/Core/ConfigDescriptors.h **** 			 *  uint8_t EndpointSearcher(void* CurrentDescriptor)
 236:lib/lufa/LUFA/Drivers/USB/Core/ConfigDescriptors.h **** 			 *  {
 237:lib/lufa/LUFA/Drivers/USB/Core/ConfigDescriptors.h **** 			 *     if (DESCRIPTOR_TYPE(CurrentDescriptor) == DTYPE_Endpoint)
 238:lib/lufa/LUFA/Drivers/USB/Core/ConfigDescriptors.h **** 			 *         return DESCRIPTOR_SEARCH_Found;
 239:lib/lufa/LUFA/Drivers/USB/Core/ConfigDescriptors.h **** 			 *     else
 240:lib/lufa/LUFA/Drivers/USB/Core/ConfigDescriptors.h **** 			 *         return DESCRIPTOR_SEARCH_NotFound;
 241:lib/lufa/LUFA/Drivers/USB/Core/ConfigDescriptors.h **** 			 *  }
 242:lib/lufa/LUFA/Drivers/USB/Core/ConfigDescriptors.h **** 			 *
 243:lib/lufa/LUFA/Drivers/USB/Core/ConfigDescriptors.h **** 			 *  //...
 244:lib/lufa/LUFA/Drivers/USB/Core/ConfigDescriptors.h **** 			 *
 245:lib/lufa/LUFA/Drivers/USB/Core/ConfigDescriptors.h **** 			 *  // After retrieving configuration descriptor:
 246:lib/lufa/LUFA/Drivers/USB/Core/ConfigDescriptors.h **** 			 *  if (USB_Host_GetNextDescriptorComp(&BytesRemaining, &CurrentConfigLoc, EndpointSearcher) ==
 247:lib/lufa/LUFA/Drivers/USB/Core/ConfigDescriptors.h **** 			 *      Descriptor_Search_Comp_Found)
 248:lib/lufa/LUFA/Drivers/USB/Core/ConfigDescriptors.h **** 			 *  {
 249:lib/lufa/LUFA/Drivers/USB/Core/ConfigDescriptors.h **** 			 *      // Do something with the endpoint descriptor
 250:lib/lufa/LUFA/Drivers/USB/Core/ConfigDescriptors.h **** 			 *  }
 251:lib/lufa/LUFA/Drivers/USB/Core/ConfigDescriptors.h **** 			 *  \endcode
 252:lib/lufa/LUFA/Drivers/USB/Core/ConfigDescriptors.h **** 			 */
 253:lib/lufa/LUFA/Drivers/USB/Core/ConfigDescriptors.h **** 			uint8_t USB_GetNextDescriptorComp(uint16_t* const BytesRem,
 254:lib/lufa/LUFA/Drivers/USB/Core/ConfigDescriptors.h **** 			                                  void** const CurrConfigLoc,
 255:lib/lufa/LUFA/Drivers/USB/Core/ConfigDescriptors.h **** 			                                  ConfigComparatorPtr_t const ComparatorRoutine) ATTR_NON_NULL_P
 256:lib/lufa/LUFA/Drivers/USB/Core/ConfigDescriptors.h **** 			                                  ATTR_NON_NULL_PTR_ARG(2) ATTR_NON_NULL_PTR_ARG(3);
 257:lib/lufa/LUFA/Drivers/USB/Core/ConfigDescriptors.h **** 
 258:lib/lufa/LUFA/Drivers/USB/Core/ConfigDescriptors.h **** 		/* Inline Functions: */
 259:lib/lufa/LUFA/Drivers/USB/Core/ConfigDescriptors.h **** 			/** Skips over the current sub-descriptor inside the configuration descriptor, so that the point
 260:lib/lufa/LUFA/Drivers/USB/Core/ConfigDescriptors.h **** 			    points to the next sub-descriptor. The bytes remaining value is automatically decremented.
 261:lib/lufa/LUFA/Drivers/USB/Core/ConfigDescriptors.h **** 			 *
 262:lib/lufa/LUFA/Drivers/USB/Core/ConfigDescriptors.h **** 			 * \param[in,out] BytesRem       Pointer to the number of bytes remaining of the configuration d
 263:lib/lufa/LUFA/Drivers/USB/Core/ConfigDescriptors.h **** 			 * \param[in,out] CurrConfigLoc  Pointer to the current descriptor inside the configuration desc
 264:lib/lufa/LUFA/Drivers/USB/Core/ConfigDescriptors.h **** 			 */
 265:lib/lufa/LUFA/Drivers/USB/Core/ConfigDescriptors.h **** 			static inline void USB_GetNextDescriptor(uint16_t* const BytesRem,
 266:lib/lufa/LUFA/Drivers/USB/Core/ConfigDescriptors.h **** 			                                         void** CurrConfigLoc) ATTR_NON_NULL_PTR_ARG(1) ATTR_NON
 267:lib/lufa/LUFA/Drivers/USB/Core/ConfigDescriptors.h **** 			static inline void USB_GetNextDescriptor(uint16_t* const BytesRem,
 268:lib/lufa/LUFA/Drivers/USB/Core/ConfigDescriptors.h **** 			                                         void** CurrConfigLoc)
 269:lib/lufa/LUFA/Drivers/USB/Core/ConfigDescriptors.h **** 			{
  15               		.loc 1 269 0
  16               		.cfi_startproc
  17               	.LVL0:
  18 0000 CF93      		push r28
  19               	.LCFI0:
  20               		.cfi_def_cfa_offset 3
  21               		.cfi_offset 28, -2
  22 0002 DF93      		push r29
  23               	.LCFI1:
  24               		.cfi_def_cfa_offset 4
  25               		.cfi_offset 29, -3
  26               	/* prologue: function */
  27               	/* frame size = 0 */
  28               	/* stack size = 2 */
  29               	.L__stack_usage = 2
  30 0004 DC01      		movw r26,r24
 270:lib/lufa/LUFA/Drivers/USB/Core/ConfigDescriptors.h **** 				uint16_t CurrDescriptorSize = DESCRIPTOR_CAST(*CurrConfigLoc, USB_Descriptor_Header_t).Size;
  31               		.loc 1 270 0
  32 0006 EB01      		movw r28,r22
  33 0008 E881      		ld r30,Y
  34 000a F981      		ldd r31,Y+1
  35 000c 4081      		ld r20,Z
  36 000e 50E0      		ldi r21,0
  37               	.LVL1:
  38 0010 2D91      		ld r18,X+
  39 0012 3C91      		ld r19,X
  40 0014 1197      		sbiw r26,1
  41 0016 4217      		cp r20,r18
  42 0018 5307      		cpc r21,r19
  43 001a 00F4      		brsh .L2
  44 001c 9A01      		movw r18,r20
  45               	.L2:
  46               	.LVL2:
 271:lib/lufa/LUFA/Drivers/USB/Core/ConfigDescriptors.h **** 
 272:lib/lufa/LUFA/Drivers/USB/Core/ConfigDescriptors.h **** 				if (*BytesRem < CurrDescriptorSize)
 273:lib/lufa/LUFA/Drivers/USB/Core/ConfigDescriptors.h **** 				  CurrDescriptorSize = *BytesRem;
 274:lib/lufa/LUFA/Drivers/USB/Core/ConfigDescriptors.h **** 
 275:lib/lufa/LUFA/Drivers/USB/Core/ConfigDescriptors.h **** 				*CurrConfigLoc  = (void*)((uintptr_t)*CurrConfigLoc + CurrDescriptorSize);
  47               		.loc 1 275 0
  48 001e E20F      		add r30,r18
  49 0020 F31F      		adc r31,r19
  50 0022 EB01      		movw r28,r22
  51 0024 F983      		std Y+1,r31
  52 0026 E883      		st Y,r30
 276:lib/lufa/LUFA/Drivers/USB/Core/ConfigDescriptors.h **** 				*BytesRem      -= CurrDescriptorSize;
  53               		.loc 1 276 0
  54 0028 8D91      		ld r24,X+
  55 002a 9C91      		ld r25,X
  56 002c 1197      		sbiw r26,1
  57               	.LVL3:
  58 002e 821B      		sub r24,r18
  59 0030 930B      		sbc r25,r19
  60 0032 8D93      		st X+,r24
  61 0034 9C93      		st X,r25
  62               	/* epilogue start */
 277:lib/lufa/LUFA/Drivers/USB/Core/ConfigDescriptors.h **** 			}
  63               		.loc 1 277 0
  64 0036 DF91      		pop r29
  65 0038 CF91      		pop r28
  66 003a 0895      		ret
  67               		.cfi_endproc
  68               	.LFE87:
  70               		.section	.text.USB_GetNextDescriptorOfType,"ax",@progbits
  71               	.global	USB_GetNextDescriptorOfType
  73               	USB_GetNextDescriptorOfType:
  74               	.LFB88:
  75               		.file 2 "lib/lufa/LUFA/Drivers/USB/Core/ConfigDescriptors.c"
   1:lib/lufa/LUFA/Drivers/USB/Core/ConfigDescriptors.c **** /*
   2:lib/lufa/LUFA/Drivers/USB/Core/ConfigDescriptors.c ****              LUFA Library
   3:lib/lufa/LUFA/Drivers/USB/Core/ConfigDescriptors.c ****      Copyright (C) Dean Camera, 2017.
   4:lib/lufa/LUFA/Drivers/USB/Core/ConfigDescriptors.c **** 
   5:lib/lufa/LUFA/Drivers/USB/Core/ConfigDescriptors.c ****   dean [at] fourwalledcubicle [dot] com
   6:lib/lufa/LUFA/Drivers/USB/Core/ConfigDescriptors.c ****            www.lufa-lib.org
   7:lib/lufa/LUFA/Drivers/USB/Core/ConfigDescriptors.c **** */
   8:lib/lufa/LUFA/Drivers/USB/Core/ConfigDescriptors.c **** 
   9:lib/lufa/LUFA/Drivers/USB/Core/ConfigDescriptors.c **** /*
  10:lib/lufa/LUFA/Drivers/USB/Core/ConfigDescriptors.c ****   Copyright 2017  Dean Camera (dean [at] fourwalledcubicle [dot] com)
  11:lib/lufa/LUFA/Drivers/USB/Core/ConfigDescriptors.c **** 
  12:lib/lufa/LUFA/Drivers/USB/Core/ConfigDescriptors.c ****   Permission to use, copy, modify, distribute, and sell this
  13:lib/lufa/LUFA/Drivers/USB/Core/ConfigDescriptors.c ****   software and its documentation for any purpose is hereby granted
  14:lib/lufa/LUFA/Drivers/USB/Core/ConfigDescriptors.c ****   without fee, provided that the above copyright notice appear in
  15:lib/lufa/LUFA/Drivers/USB/Core/ConfigDescriptors.c ****   all copies and that both that the copyright notice and this
  16:lib/lufa/LUFA/Drivers/USB/Core/ConfigDescriptors.c ****   permission notice and warranty disclaimer appear in supporting
  17:lib/lufa/LUFA/Drivers/USB/Core/ConfigDescriptors.c ****   documentation, and that the name of the author not be used in
  18:lib/lufa/LUFA/Drivers/USB/Core/ConfigDescriptors.c ****   advertising or publicity pertaining to distribution of the
  19:lib/lufa/LUFA/Drivers/USB/Core/ConfigDescriptors.c ****   software without specific, written prior permission.
  20:lib/lufa/LUFA/Drivers/USB/Core/ConfigDescriptors.c **** 
  21:lib/lufa/LUFA/Drivers/USB/Core/ConfigDescriptors.c ****   The author disclaims all warranties with regard to this
  22:lib/lufa/LUFA/Drivers/USB/Core/ConfigDescriptors.c ****   software, including all implied warranties of merchantability
  23:lib/lufa/LUFA/Drivers/USB/Core/ConfigDescriptors.c ****   and fitness.  In no event shall the author be liable for any
  24:lib/lufa/LUFA/Drivers/USB/Core/ConfigDescriptors.c ****   special, indirect or consequential damages or any damages
  25:lib/lufa/LUFA/Drivers/USB/Core/ConfigDescriptors.c ****   whatsoever resulting from loss of use, data or profits, whether
  26:lib/lufa/LUFA/Drivers/USB/Core/ConfigDescriptors.c ****   in an action of contract, negligence or other tortious action,
  27:lib/lufa/LUFA/Drivers/USB/Core/ConfigDescriptors.c ****   arising out of or in connection with the use or performance of
  28:lib/lufa/LUFA/Drivers/USB/Core/ConfigDescriptors.c ****   this software.
  29:lib/lufa/LUFA/Drivers/USB/Core/ConfigDescriptors.c **** */
  30:lib/lufa/LUFA/Drivers/USB/Core/ConfigDescriptors.c **** 
  31:lib/lufa/LUFA/Drivers/USB/Core/ConfigDescriptors.c **** #define  __INCLUDE_FROM_USB_DRIVER
  32:lib/lufa/LUFA/Drivers/USB/Core/ConfigDescriptors.c **** #include "ConfigDescriptors.h"
  33:lib/lufa/LUFA/Drivers/USB/Core/ConfigDescriptors.c **** 
  34:lib/lufa/LUFA/Drivers/USB/Core/ConfigDescriptors.c **** #if defined(USB_CAN_BE_HOST)
  35:lib/lufa/LUFA/Drivers/USB/Core/ConfigDescriptors.c **** uint8_t USB_Host_GetDeviceConfigDescriptor(const uint8_t ConfigNumber,
  36:lib/lufa/LUFA/Drivers/USB/Core/ConfigDescriptors.c ****                                            uint16_t* const ConfigSizePtr,
  37:lib/lufa/LUFA/Drivers/USB/Core/ConfigDescriptors.c ****                                            void* const BufferPtr,
  38:lib/lufa/LUFA/Drivers/USB/Core/ConfigDescriptors.c ****                                            const uint16_t BufferSize)
  39:lib/lufa/LUFA/Drivers/USB/Core/ConfigDescriptors.c **** {
  40:lib/lufa/LUFA/Drivers/USB/Core/ConfigDescriptors.c **** 	uint8_t ErrorCode;
  41:lib/lufa/LUFA/Drivers/USB/Core/ConfigDescriptors.c **** 	uint8_t ConfigHeader[sizeof(USB_Descriptor_Configuration_Header_t)];
  42:lib/lufa/LUFA/Drivers/USB/Core/ConfigDescriptors.c **** 
  43:lib/lufa/LUFA/Drivers/USB/Core/ConfigDescriptors.c **** 	USB_ControlRequest = (USB_Request_Header_t)
  44:lib/lufa/LUFA/Drivers/USB/Core/ConfigDescriptors.c **** 		{
  45:lib/lufa/LUFA/Drivers/USB/Core/ConfigDescriptors.c **** 			.bmRequestType = (REQDIR_DEVICETOHOST | REQTYPE_STANDARD | REQREC_DEVICE),
  46:lib/lufa/LUFA/Drivers/USB/Core/ConfigDescriptors.c **** 			.bRequest      = REQ_GetDescriptor,
  47:lib/lufa/LUFA/Drivers/USB/Core/ConfigDescriptors.c **** 			.wValue        = ((DTYPE_Configuration << 8) | (ConfigNumber - 1)),
  48:lib/lufa/LUFA/Drivers/USB/Core/ConfigDescriptors.c **** 			.wIndex        = 0,
  49:lib/lufa/LUFA/Drivers/USB/Core/ConfigDescriptors.c **** 			.wLength       = sizeof(USB_Descriptor_Configuration_Header_t),
  50:lib/lufa/LUFA/Drivers/USB/Core/ConfigDescriptors.c **** 		};
  51:lib/lufa/LUFA/Drivers/USB/Core/ConfigDescriptors.c **** 
  52:lib/lufa/LUFA/Drivers/USB/Core/ConfigDescriptors.c **** 	Pipe_SelectPipe(PIPE_CONTROLPIPE);
  53:lib/lufa/LUFA/Drivers/USB/Core/ConfigDescriptors.c **** 
  54:lib/lufa/LUFA/Drivers/USB/Core/ConfigDescriptors.c **** 	if ((ErrorCode = USB_Host_SendControlRequest(ConfigHeader)) != HOST_SENDCONTROL_Successful)
  55:lib/lufa/LUFA/Drivers/USB/Core/ConfigDescriptors.c **** 	  return ErrorCode;
  56:lib/lufa/LUFA/Drivers/USB/Core/ConfigDescriptors.c **** 
  57:lib/lufa/LUFA/Drivers/USB/Core/ConfigDescriptors.c **** 	*ConfigSizePtr = le16_to_cpu(DESCRIPTOR_PCAST(ConfigHeader, USB_Descriptor_Configuration_Header_t)
  58:lib/lufa/LUFA/Drivers/USB/Core/ConfigDescriptors.c **** 
  59:lib/lufa/LUFA/Drivers/USB/Core/ConfigDescriptors.c **** 	if (*ConfigSizePtr > BufferSize)
  60:lib/lufa/LUFA/Drivers/USB/Core/ConfigDescriptors.c **** 	  return HOST_GETCONFIG_BuffOverflow;
  61:lib/lufa/LUFA/Drivers/USB/Core/ConfigDescriptors.c **** 
  62:lib/lufa/LUFA/Drivers/USB/Core/ConfigDescriptors.c **** 	USB_ControlRequest.wLength = *ConfigSizePtr;
  63:lib/lufa/LUFA/Drivers/USB/Core/ConfigDescriptors.c **** 
  64:lib/lufa/LUFA/Drivers/USB/Core/ConfigDescriptors.c **** 	if ((ErrorCode = USB_Host_SendControlRequest(BufferPtr)) != HOST_SENDCONTROL_Successful)
  65:lib/lufa/LUFA/Drivers/USB/Core/ConfigDescriptors.c **** 	  return ErrorCode;
  66:lib/lufa/LUFA/Drivers/USB/Core/ConfigDescriptors.c **** 
  67:lib/lufa/LUFA/Drivers/USB/Core/ConfigDescriptors.c **** 	if (DESCRIPTOR_TYPE(BufferPtr) != DTYPE_Configuration)
  68:lib/lufa/LUFA/Drivers/USB/Core/ConfigDescriptors.c **** 	  return HOST_GETCONFIG_InvalidData;
  69:lib/lufa/LUFA/Drivers/USB/Core/ConfigDescriptors.c **** 
  70:lib/lufa/LUFA/Drivers/USB/Core/ConfigDescriptors.c **** 	return HOST_GETCONFIG_Successful;
  71:lib/lufa/LUFA/Drivers/USB/Core/ConfigDescriptors.c **** }
  72:lib/lufa/LUFA/Drivers/USB/Core/ConfigDescriptors.c **** #endif
  73:lib/lufa/LUFA/Drivers/USB/Core/ConfigDescriptors.c **** 
  74:lib/lufa/LUFA/Drivers/USB/Core/ConfigDescriptors.c **** void USB_GetNextDescriptorOfType(uint16_t* const BytesRem,
  75:lib/lufa/LUFA/Drivers/USB/Core/ConfigDescriptors.c ****                                  void** const CurrConfigLoc,
  76:lib/lufa/LUFA/Drivers/USB/Core/ConfigDescriptors.c ****                                  const uint8_t Type)
  77:lib/lufa/LUFA/Drivers/USB/Core/ConfigDescriptors.c **** {
  76               		.loc 2 77 0
  77               		.cfi_startproc
  78               	.LVL4:
  79 0000 FF92      		push r15
  80               	.LCFI2:
  81               		.cfi_def_cfa_offset 3
  82               		.cfi_offset 15, -2
  83 0002 0F93      		push r16
  84               	.LCFI3:
  85               		.cfi_def_cfa_offset 4
  86               		.cfi_offset 16, -3
  87 0004 1F93      		push r17
  88               	.LCFI4:
  89               		.cfi_def_cfa_offset 5
  90               		.cfi_offset 17, -4
  91 0006 CF93      		push r28
  92               	.LCFI5:
  93               		.cfi_def_cfa_offset 6
  94               		.cfi_offset 28, -5
  95 0008 DF93      		push r29
  96               	.LCFI6:
  97               		.cfi_def_cfa_offset 7
  98               		.cfi_offset 29, -6
  99               	/* prologue: function */
 100               	/* frame size = 0 */
 101               	/* stack size = 5 */
 102               	.L__stack_usage = 5
 103 000a EC01      		movw r28,r24
 104 000c 8B01      		movw r16,r22
 105 000e F42E      		mov r15,r20
 106               	.LVL5:
 107               	.L4:
  78:lib/lufa/LUFA/Drivers/USB/Core/ConfigDescriptors.c **** 	while (*BytesRem)
 108               		.loc 2 78 0
 109 0010 8881      		ld r24,Y
 110 0012 9981      		ldd r25,Y+1
 111 0014 892B      		or r24,r25
 112 0016 01F0      		breq .L3
  79:lib/lufa/LUFA/Drivers/USB/Core/ConfigDescriptors.c **** 	{
  80:lib/lufa/LUFA/Drivers/USB/Core/ConfigDescriptors.c **** 		USB_GetNextDescriptor(BytesRem, CurrConfigLoc);
 113               		.loc 2 80 0
 114 0018 B801      		movw r22,r16
 115 001a CE01      		movw r24,r28
 116 001c 0E94 0000 		call USB_GetNextDescriptor
 117               	.LVL6:
  81:lib/lufa/LUFA/Drivers/USB/Core/ConfigDescriptors.c **** 
  82:lib/lufa/LUFA/Drivers/USB/Core/ConfigDescriptors.c **** 		if (DESCRIPTOR_TYPE(*CurrConfigLoc) == Type)
 118               		.loc 2 82 0
 119 0020 D801      		movw r26,r16
 120 0022 ED91      		ld r30,X+
 121 0024 FC91      		ld r31,X
 122 0026 8181      		ldd r24,Z+1
 123 0028 8F11      		cpse r24,r15
 124 002a 00C0      		rjmp .L4
 125               	.L3:
 126               	/* epilogue start */
  83:lib/lufa/LUFA/Drivers/USB/Core/ConfigDescriptors.c **** 		  return;
  84:lib/lufa/LUFA/Drivers/USB/Core/ConfigDescriptors.c **** 	}
  85:lib/lufa/LUFA/Drivers/USB/Core/ConfigDescriptors.c **** }
 127               		.loc 2 85 0
 128 002c DF91      		pop r29
 129 002e CF91      		pop r28
 130               	.LVL7:
 131 0030 1F91      		pop r17
 132 0032 0F91      		pop r16
 133               	.LVL8:
 134 0034 FF90      		pop r15
 135               	.LVL9:
 136 0036 0895      		ret
 137               		.cfi_endproc
 138               	.LFE88:
 140               		.section	.text.USB_GetNextDescriptorOfTypeBefore,"ax",@progbits
 141               	.global	USB_GetNextDescriptorOfTypeBefore
 143               	USB_GetNextDescriptorOfTypeBefore:
 144               	.LFB89:
  86:lib/lufa/LUFA/Drivers/USB/Core/ConfigDescriptors.c **** 
  87:lib/lufa/LUFA/Drivers/USB/Core/ConfigDescriptors.c **** void USB_GetNextDescriptorOfTypeBefore(uint16_t* const BytesRem,
  88:lib/lufa/LUFA/Drivers/USB/Core/ConfigDescriptors.c ****                                        void** const CurrConfigLoc,
  89:lib/lufa/LUFA/Drivers/USB/Core/ConfigDescriptors.c ****                                        const uint8_t Type,
  90:lib/lufa/LUFA/Drivers/USB/Core/ConfigDescriptors.c ****                                        const uint8_t BeforeType)
  91:lib/lufa/LUFA/Drivers/USB/Core/ConfigDescriptors.c **** {
 145               		.loc 2 91 0
 146               		.cfi_startproc
 147               	.LVL10:
 148 0000 EF92      		push r14
 149               	.LCFI7:
 150               		.cfi_def_cfa_offset 3
 151               		.cfi_offset 14, -2
 152 0002 FF92      		push r15
 153               	.LCFI8:
 154               		.cfi_def_cfa_offset 4
 155               		.cfi_offset 15, -3
 156 0004 0F93      		push r16
 157               	.LCFI9:
 158               		.cfi_def_cfa_offset 5
 159               		.cfi_offset 16, -4
 160 0006 1F93      		push r17
 161               	.LCFI10:
 162               		.cfi_def_cfa_offset 6
 163               		.cfi_offset 17, -5
 164 0008 CF93      		push r28
 165               	.LCFI11:
 166               		.cfi_def_cfa_offset 7
 167               		.cfi_offset 28, -6
 168 000a DF93      		push r29
 169               	.LCFI12:
 170               		.cfi_def_cfa_offset 8
 171               		.cfi_offset 29, -7
 172               	/* prologue: function */
 173               	/* frame size = 0 */
 174               	/* stack size = 6 */
 175               	.L__stack_usage = 6
 176 000c EC01      		movw r28,r24
 177 000e 8B01      		movw r16,r22
 178 0010 F42E      		mov r15,r20
 179 0012 E22E      		mov r14,r18
 180               	.LVL11:
 181               	.L9:
  92:lib/lufa/LUFA/Drivers/USB/Core/ConfigDescriptors.c **** 	while (*BytesRem)
 182               		.loc 2 92 0
 183 0014 8881      		ld r24,Y
 184 0016 9981      		ldd r25,Y+1
 185 0018 892B      		or r24,r25
 186 001a 01F0      		breq .L8
  93:lib/lufa/LUFA/Drivers/USB/Core/ConfigDescriptors.c **** 	{
  94:lib/lufa/LUFA/Drivers/USB/Core/ConfigDescriptors.c **** 		USB_GetNextDescriptor(BytesRem, CurrConfigLoc);
 187               		.loc 2 94 0
 188 001c B801      		movw r22,r16
 189 001e CE01      		movw r24,r28
 190 0020 0E94 0000 		call USB_GetNextDescriptor
 191               	.LVL12:
  95:lib/lufa/LUFA/Drivers/USB/Core/ConfigDescriptors.c **** 
  96:lib/lufa/LUFA/Drivers/USB/Core/ConfigDescriptors.c **** 		if (DESCRIPTOR_TYPE(*CurrConfigLoc) == Type)
 192               		.loc 2 96 0
 193 0024 D801      		movw r26,r16
 194 0026 ED91      		ld r30,X+
 195 0028 FC91      		ld r31,X
 196 002a 8181      		ldd r24,Z+1
 197 002c 8F15      		cp r24,r15
 198 002e 01F0      		breq .L8
  97:lib/lufa/LUFA/Drivers/USB/Core/ConfigDescriptors.c **** 		{
  98:lib/lufa/LUFA/Drivers/USB/Core/ConfigDescriptors.c **** 			return;
  99:lib/lufa/LUFA/Drivers/USB/Core/ConfigDescriptors.c **** 		}
 100:lib/lufa/LUFA/Drivers/USB/Core/ConfigDescriptors.c **** 		else if (DESCRIPTOR_TYPE(*CurrConfigLoc) == BeforeType)
 199               		.loc 2 100 0
 200 0030 8E11      		cpse r24,r14
 201 0032 00C0      		rjmp .L9
 101:lib/lufa/LUFA/Drivers/USB/Core/ConfigDescriptors.c **** 		{
 102:lib/lufa/LUFA/Drivers/USB/Core/ConfigDescriptors.c **** 			*BytesRem = 0;
 202               		.loc 2 102 0
 203 0034 1982      		std Y+1,__zero_reg__
 204 0036 1882      		st Y,__zero_reg__
 205               	.L8:
 206               	/* epilogue start */
 103:lib/lufa/LUFA/Drivers/USB/Core/ConfigDescriptors.c **** 			return;
 104:lib/lufa/LUFA/Drivers/USB/Core/ConfigDescriptors.c **** 		}
 105:lib/lufa/LUFA/Drivers/USB/Core/ConfigDescriptors.c **** 	}
 106:lib/lufa/LUFA/Drivers/USB/Core/ConfigDescriptors.c **** }
 207               		.loc 2 106 0
 208 0038 DF91      		pop r29
 209 003a CF91      		pop r28
 210               	.LVL13:
 211 003c 1F91      		pop r17
 212 003e 0F91      		pop r16
 213               	.LVL14:
 214 0040 FF90      		pop r15
 215               	.LVL15:
 216 0042 EF90      		pop r14
 217               	.LVL16:
 218 0044 0895      		ret
 219               		.cfi_endproc
 220               	.LFE89:
 222               		.section	.text.USB_GetNextDescriptorOfTypeAfter,"ax",@progbits
 223               	.global	USB_GetNextDescriptorOfTypeAfter
 225               	USB_GetNextDescriptorOfTypeAfter:
 226               	.LFB90:
 107:lib/lufa/LUFA/Drivers/USB/Core/ConfigDescriptors.c **** 
 108:lib/lufa/LUFA/Drivers/USB/Core/ConfigDescriptors.c **** void USB_GetNextDescriptorOfTypeAfter(uint16_t* const BytesRem,
 109:lib/lufa/LUFA/Drivers/USB/Core/ConfigDescriptors.c ****                                       void** const CurrConfigLoc,
 110:lib/lufa/LUFA/Drivers/USB/Core/ConfigDescriptors.c ****                                       const uint8_t Type,
 111:lib/lufa/LUFA/Drivers/USB/Core/ConfigDescriptors.c ****                                       const uint8_t AfterType)
 112:lib/lufa/LUFA/Drivers/USB/Core/ConfigDescriptors.c **** {
 227               		.loc 2 112 0
 228               		.cfi_startproc
 229               	.LVL17:
 230 0000 FF92      		push r15
 231               	.LCFI13:
 232               		.cfi_def_cfa_offset 3
 233               		.cfi_offset 15, -2
 234 0002 0F93      		push r16
 235               	.LCFI14:
 236               		.cfi_def_cfa_offset 4
 237               		.cfi_offset 16, -3
 238 0004 1F93      		push r17
 239               	.LCFI15:
 240               		.cfi_def_cfa_offset 5
 241               		.cfi_offset 17, -4
 242 0006 CF93      		push r28
 243               	.LCFI16:
 244               		.cfi_def_cfa_offset 6
 245               		.cfi_offset 28, -5
 246 0008 DF93      		push r29
 247               	.LCFI17:
 248               		.cfi_def_cfa_offset 7
 249               		.cfi_offset 29, -6
 250               	/* prologue: function */
 251               	/* frame size = 0 */
 252               	/* stack size = 5 */
 253               	.L__stack_usage = 5
 254 000a EC01      		movw r28,r24
 255 000c 8B01      		movw r16,r22
 256 000e F42E      		mov r15,r20
 113:lib/lufa/LUFA/Drivers/USB/Core/ConfigDescriptors.c **** 	USB_GetNextDescriptorOfType(BytesRem, CurrConfigLoc, AfterType);
 257               		.loc 2 113 0
 258 0010 422F      		mov r20,r18
 259               	.LVL18:
 260 0012 0E94 0000 		call USB_GetNextDescriptorOfType
 261               	.LVL19:
 114:lib/lufa/LUFA/Drivers/USB/Core/ConfigDescriptors.c **** 
 115:lib/lufa/LUFA/Drivers/USB/Core/ConfigDescriptors.c **** 	if (*BytesRem)
 262               		.loc 2 115 0
 263 0016 8881      		ld r24,Y
 264 0018 9981      		ldd r25,Y+1
 265 001a 892B      		or r24,r25
 266 001c 01F0      		breq .L15
 116:lib/lufa/LUFA/Drivers/USB/Core/ConfigDescriptors.c **** 	  USB_GetNextDescriptorOfType(BytesRem, CurrConfigLoc, Type);
 267               		.loc 2 116 0
 268 001e 4F2D      		mov r20,r15
 269 0020 B801      		movw r22,r16
 270 0022 CE01      		movw r24,r28
 271               	/* epilogue start */
 117:lib/lufa/LUFA/Drivers/USB/Core/ConfigDescriptors.c **** }
 272               		.loc 2 117 0
 273 0024 DF91      		pop r29
 274 0026 CF91      		pop r28
 275               	.LVL20:
 276 0028 1F91      		pop r17
 277 002a 0F91      		pop r16
 278               	.LVL21:
 279 002c FF90      		pop r15
 280               	.LVL22:
 116:lib/lufa/LUFA/Drivers/USB/Core/ConfigDescriptors.c **** 	  USB_GetNextDescriptorOfType(BytesRem, CurrConfigLoc, Type);
 281               		.loc 2 116 0
 282 002e 0C94 0000 		jmp USB_GetNextDescriptorOfType
 283               	.LVL23:
 284               	.L15:
 285               	/* epilogue start */
 286               		.loc 2 117 0
 287 0032 DF91      		pop r29
 288 0034 CF91      		pop r28
 289               	.LVL24:
 290 0036 1F91      		pop r17
 291 0038 0F91      		pop r16
 292               	.LVL25:
 293 003a FF90      		pop r15
 294               	.LVL26:
 295 003c 0895      		ret
 296               		.cfi_endproc
 297               	.LFE90:
 299               		.section	.text.USB_GetNextDescriptorComp,"ax",@progbits
 300               	.global	USB_GetNextDescriptorComp
 302               	USB_GetNextDescriptorComp:
 303               	.LFB91:
 118:lib/lufa/LUFA/Drivers/USB/Core/ConfigDescriptors.c **** 
 119:lib/lufa/LUFA/Drivers/USB/Core/ConfigDescriptors.c **** uint8_t USB_GetNextDescriptorComp(uint16_t* const BytesRem,
 120:lib/lufa/LUFA/Drivers/USB/Core/ConfigDescriptors.c ****                                   void** const CurrConfigLoc,
 121:lib/lufa/LUFA/Drivers/USB/Core/ConfigDescriptors.c ****                                   ConfigComparatorPtr_t const ComparatorRoutine)
 122:lib/lufa/LUFA/Drivers/USB/Core/ConfigDescriptors.c **** {
 304               		.loc 2 122 0
 305               		.cfi_startproc
 306               	.LVL27:
 307 0000 AF92      		push r10
 308               	.LCFI18:
 309               		.cfi_def_cfa_offset 3
 310               		.cfi_offset 10, -2
 311 0002 BF92      		push r11
 312               	.LCFI19:
 313               		.cfi_def_cfa_offset 4
 314               		.cfi_offset 11, -3
 315 0004 CF92      		push r12
 316               	.LCFI20:
 317               		.cfi_def_cfa_offset 5
 318               		.cfi_offset 12, -4
 319 0006 DF92      		push r13
 320               	.LCFI21:
 321               		.cfi_def_cfa_offset 6
 322               		.cfi_offset 13, -5
 323 0008 EF92      		push r14
 324               	.LCFI22:
 325               		.cfi_def_cfa_offset 7
 326               		.cfi_offset 14, -6
 327 000a FF92      		push r15
 328               	.LCFI23:
 329               		.cfi_def_cfa_offset 8
 330               		.cfi_offset 15, -7
 331 000c 0F93      		push r16
 332               	.LCFI24:
 333               		.cfi_def_cfa_offset 9
 334               		.cfi_offset 16, -8
 335 000e 1F93      		push r17
 336               	.LCFI25:
 337               		.cfi_def_cfa_offset 10
 338               		.cfi_offset 17, -9
 339 0010 CF93      		push r28
 340               	.LCFI26:
 341               		.cfi_def_cfa_offset 11
 342               		.cfi_offset 28, -10
 343 0012 DF93      		push r29
 344               	.LCFI27:
 345               		.cfi_def_cfa_offset 12
 346               		.cfi_offset 29, -11
 347               	/* prologue: function */
 348               	/* frame size = 0 */
 349               	/* stack size = 10 */
 350               	.L__stack_usage = 10
 351 0014 8C01      		movw r16,r24
 352 0016 EB01      		movw r28,r22
 353 0018 6A01      		movw r12,r20
 354               	.LVL28:
 355               	.L18:
 123:lib/lufa/LUFA/Drivers/USB/Core/ConfigDescriptors.c **** 	uint8_t ErrorCode;
 124:lib/lufa/LUFA/Drivers/USB/Core/ConfigDescriptors.c **** 
 125:lib/lufa/LUFA/Drivers/USB/Core/ConfigDescriptors.c **** 	while (*BytesRem)
 356               		.loc 2 125 0
 357 001a F801      		movw r30,r16
 358 001c E080      		ld r14,Z
 359 001e F180      		ldd r15,Z+1
 360 0020 E114      		cp r14,__zero_reg__
 361 0022 F104      		cpc r15,__zero_reg__
 362 0024 01F4      		brne .L20
 126:lib/lufa/LUFA/Drivers/USB/Core/ConfigDescriptors.c **** 	{
 127:lib/lufa/LUFA/Drivers/USB/Core/ConfigDescriptors.c **** 		uint8_t* PrevDescLoc  = *CurrConfigLoc;
 128:lib/lufa/LUFA/Drivers/USB/Core/ConfigDescriptors.c **** 		uint16_t PrevBytesRem = *BytesRem;
 129:lib/lufa/LUFA/Drivers/USB/Core/ConfigDescriptors.c **** 
 130:lib/lufa/LUFA/Drivers/USB/Core/ConfigDescriptors.c **** 		USB_GetNextDescriptor(BytesRem, CurrConfigLoc);
 131:lib/lufa/LUFA/Drivers/USB/Core/ConfigDescriptors.c **** 
 132:lib/lufa/LUFA/Drivers/USB/Core/ConfigDescriptors.c **** 		if ((ErrorCode = ComparatorRoutine(*CurrConfigLoc)) != DESCRIPTOR_SEARCH_NotFound)
 133:lib/lufa/LUFA/Drivers/USB/Core/ConfigDescriptors.c **** 		{
 134:lib/lufa/LUFA/Drivers/USB/Core/ConfigDescriptors.c **** 			if (ErrorCode == DESCRIPTOR_SEARCH_Fail)
 135:lib/lufa/LUFA/Drivers/USB/Core/ConfigDescriptors.c **** 			{
 136:lib/lufa/LUFA/Drivers/USB/Core/ConfigDescriptors.c **** 				*CurrConfigLoc = PrevDescLoc;
 137:lib/lufa/LUFA/Drivers/USB/Core/ConfigDescriptors.c **** 				*BytesRem      = PrevBytesRem;
 138:lib/lufa/LUFA/Drivers/USB/Core/ConfigDescriptors.c **** 			}
 139:lib/lufa/LUFA/Drivers/USB/Core/ConfigDescriptors.c **** 
 140:lib/lufa/LUFA/Drivers/USB/Core/ConfigDescriptors.c **** 			return ErrorCode;
 141:lib/lufa/LUFA/Drivers/USB/Core/ConfigDescriptors.c **** 		}
 142:lib/lufa/LUFA/Drivers/USB/Core/ConfigDescriptors.c **** 	}
 143:lib/lufa/LUFA/Drivers/USB/Core/ConfigDescriptors.c **** 
 144:lib/lufa/LUFA/Drivers/USB/Core/ConfigDescriptors.c **** 	return DESCRIPTOR_SEARCH_COMP_EndOfDescriptor;
 363               		.loc 2 144 0
 364 0026 82E0      		ldi r24,lo8(2)
 365 0028 00C0      		rjmp .L17
 366               	.L20:
 367               	.LBB2:
 127:lib/lufa/LUFA/Drivers/USB/Core/ConfigDescriptors.c **** 		uint16_t PrevBytesRem = *BytesRem;
 368               		.loc 2 127 0
 369 002a A880      		ld r10,Y
 370 002c B980      		ldd r11,Y+1
 371               	.LVL29:
 130:lib/lufa/LUFA/Drivers/USB/Core/ConfigDescriptors.c **** 
 372               		.loc 2 130 0
 373 002e BE01      		movw r22,r28
 374 0030 C801      		movw r24,r16
 375 0032 0E94 0000 		call USB_GetNextDescriptor
 376               	.LVL30:
 132:lib/lufa/LUFA/Drivers/USB/Core/ConfigDescriptors.c **** 		{
 377               		.loc 2 132 0
 378 0036 8881      		ld r24,Y
 379 0038 9981      		ldd r25,Y+1
 380 003a F601      		movw r30,r12
 381 003c 0995      		icall
 382               	.LVL31:
 383 003e 8230      		cpi r24,lo8(2)
 384 0040 01F0      		breq .L18
 134:lib/lufa/LUFA/Drivers/USB/Core/ConfigDescriptors.c **** 			{
 385               		.loc 2 134 0
 386 0042 8130      		cpi r24,lo8(1)
 387 0044 01F4      		brne .L17
 136:lib/lufa/LUFA/Drivers/USB/Core/ConfigDescriptors.c **** 				*BytesRem      = PrevBytesRem;
 388               		.loc 2 136 0
 389 0046 B982      		std Y+1,r11
 390 0048 A882      		st Y,r10
 137:lib/lufa/LUFA/Drivers/USB/Core/ConfigDescriptors.c **** 			}
 391               		.loc 2 137 0
 392 004a F801      		movw r30,r16
 393 004c F182      		std Z+1,r15
 394 004e E082      		st Z,r14
 395               	.LVL32:
 396               	.L17:
 397               	/* epilogue start */
 398               	.LBE2:
 145:lib/lufa/LUFA/Drivers/USB/Core/ConfigDescriptors.c **** }
 399               		.loc 2 145 0
 400 0050 DF91      		pop r29
 401 0052 CF91      		pop r28
 402               	.LVL33:
 403 0054 1F91      		pop r17
 404 0056 0F91      		pop r16
 405               	.LVL34:
 406 0058 FF90      		pop r15
 407 005a EF90      		pop r14
 408 005c DF90      		pop r13
 409 005e CF90      		pop r12
 410               	.LVL35:
 411 0060 BF90      		pop r11
 412 0062 AF90      		pop r10
 413 0064 0895      		ret
 414               		.cfi_endproc
 415               	.LFE91:
 417               		.text
 418               	.Letext0:
 419               		.file 3 "/usr/avr/include/stdint.h"
 420               		.file 4 "lib/lufa/LUFA/Drivers/USB/Core/StdRequestType.h"
 421               		.file 5 "lib/lufa/LUFA/Drivers/USB/Core/AVR8/../StdDescriptors.h"
 422               		.file 6 "lib/lufa/LUFA/Drivers/USB/Core/AVR8/../DeviceStandardReq.h"
 423               		.file 7 "lib/lufa/LUFA/Drivers/USB/Core/AVR8/../USBTask.h"
 424               		.file 8 "lib/lufa/LUFA/Drivers/USB/Core/HostStandardReq.h"
DEFINED SYMBOLS
                            *ABS*:0000000000000000 ConfigDescriptors.c
     /tmp/cccCfetN.s:2      *ABS*:000000000000003e __SP_H__
     /tmp/cccCfetN.s:3      *ABS*:000000000000003d __SP_L__
     /tmp/cccCfetN.s:4      *ABS*:000000000000003f __SREG__
     /tmp/cccCfetN.s:5      *ABS*:0000000000000000 __tmp_reg__
     /tmp/cccCfetN.s:6      *ABS*:0000000000000001 __zero_reg__
     /tmp/cccCfetN.s:12     .text.USB_GetNextDescriptor:0000000000000000 USB_GetNextDescriptor
     /tmp/cccCfetN.s:73     .text.USB_GetNextDescriptorOfType:0000000000000000 USB_GetNextDescriptorOfType
     /tmp/cccCfetN.s:143    .text.USB_GetNextDescriptorOfTypeBefore:0000000000000000 USB_GetNextDescriptorOfTypeBefore
     /tmp/cccCfetN.s:225    .text.USB_GetNextDescriptorOfTypeAfter:0000000000000000 USB_GetNextDescriptorOfTypeAfter
     /tmp/cccCfetN.s:302    .text.USB_GetNextDescriptorComp:0000000000000000 USB_GetNextDescriptorComp

NO UNDEFINED SYMBOLS
