   1               		.file	"keyboard.c"
   2               	__SP_H__ = 0x3e
   3               	__SP_L__ = 0x3d
   4               	__SREG__ = 0x3f
   5               	__tmp_reg__ = 0
   6               	__zero_reg__ = 1
   7               		.text
   8               	.Ltext0:
   9               		.cfi_sections	.debug_frame
  10               		.section	.text.matrix_setup,"ax",@progbits
  11               		.weak	matrix_setup
  13               	matrix_setup:
  14               	.LFB110:
  15               		.file 1 "./tmk_core/common/keyboard.c"
   1:./tmk_core/common/keyboard.c **** /*
   2:./tmk_core/common/keyboard.c **** Copyright 2011, 2012, 2013 Jun Wako <wakojun@gmail.com>
   3:./tmk_core/common/keyboard.c **** 
   4:./tmk_core/common/keyboard.c **** This program is free software: you can redistribute it and/or modify
   5:./tmk_core/common/keyboard.c **** it under the terms of the GNU General Public License as published by
   6:./tmk_core/common/keyboard.c **** the Free Software Foundation, either version 2 of the License, or
   7:./tmk_core/common/keyboard.c **** (at your option) any later version.
   8:./tmk_core/common/keyboard.c **** 
   9:./tmk_core/common/keyboard.c **** This program is distributed in the hope that it will be useful,
  10:./tmk_core/common/keyboard.c **** but WITHOUT ANY WARRANTY; without even the implied warranty of
  11:./tmk_core/common/keyboard.c **** MERCHANTABILITY or FITNESS FOR A PARTICULAR PURPOSE.  See the
  12:./tmk_core/common/keyboard.c **** GNU General Public License for more details.
  13:./tmk_core/common/keyboard.c **** 
  14:./tmk_core/common/keyboard.c **** You should have received a copy of the GNU General Public License
  15:./tmk_core/common/keyboard.c **** along with this program.  If not, see <http://www.gnu.org/licenses/>.
  16:./tmk_core/common/keyboard.c **** */
  17:./tmk_core/common/keyboard.c **** 
  18:./tmk_core/common/keyboard.c **** #include <stdint.h>
  19:./tmk_core/common/keyboard.c **** #include "keyboard.h"
  20:./tmk_core/common/keyboard.c **** #include "matrix.h"
  21:./tmk_core/common/keyboard.c **** #include "keymap.h"
  22:./tmk_core/common/keyboard.c **** #include "host.h"
  23:./tmk_core/common/keyboard.c **** #include "led.h"
  24:./tmk_core/common/keyboard.c **** #include "keycode.h"
  25:./tmk_core/common/keyboard.c **** #include "timer.h"
  26:./tmk_core/common/keyboard.c **** #include "print.h"
  27:./tmk_core/common/keyboard.c **** #include "debug.h"
  28:./tmk_core/common/keyboard.c **** #include "command.h"
  29:./tmk_core/common/keyboard.c **** #include "util.h"
  30:./tmk_core/common/keyboard.c **** #include "sendchar.h"
  31:./tmk_core/common/keyboard.c **** #include "eeconfig.h"
  32:./tmk_core/common/keyboard.c **** #include "backlight.h"
  33:./tmk_core/common/keyboard.c **** #include "action_layer.h"
  34:./tmk_core/common/keyboard.c **** #ifdef BOOTMAGIC_ENABLE
  35:./tmk_core/common/keyboard.c **** #   include "bootmagic.h"
  36:./tmk_core/common/keyboard.c **** #else
  37:./tmk_core/common/keyboard.c **** #   include "magic.h"
  38:./tmk_core/common/keyboard.c **** #endif
  39:./tmk_core/common/keyboard.c **** #ifdef MOUSEKEY_ENABLE
  40:./tmk_core/common/keyboard.c **** #   include "mousekey.h"
  41:./tmk_core/common/keyboard.c **** #endif
  42:./tmk_core/common/keyboard.c **** #ifdef PS2_MOUSE_ENABLE
  43:./tmk_core/common/keyboard.c **** #   include "ps2_mouse.h"
  44:./tmk_core/common/keyboard.c **** #endif
  45:./tmk_core/common/keyboard.c **** #ifdef SERIAL_MOUSE_ENABLE
  46:./tmk_core/common/keyboard.c **** #   include "serial_mouse.h"
  47:./tmk_core/common/keyboard.c **** #endif
  48:./tmk_core/common/keyboard.c **** #ifdef ADB_MOUSE_ENABLE
  49:./tmk_core/common/keyboard.c **** #   include "adb.h"
  50:./tmk_core/common/keyboard.c **** #endif
  51:./tmk_core/common/keyboard.c **** #ifdef RGBLIGHT_ENABLE
  52:./tmk_core/common/keyboard.c **** #   include "rgblight.h"
  53:./tmk_core/common/keyboard.c **** #endif
  54:./tmk_core/common/keyboard.c **** #ifdef STENO_ENABLE
  55:./tmk_core/common/keyboard.c **** #   include "process_steno.h"
  56:./tmk_core/common/keyboard.c **** #endif
  57:./tmk_core/common/keyboard.c **** #ifdef FAUXCLICKY_ENABLE
  58:./tmk_core/common/keyboard.c **** #   include "fauxclicky.h"
  59:./tmk_core/common/keyboard.c **** #endif
  60:./tmk_core/common/keyboard.c **** #ifdef SERIAL_LINK_ENABLE
  61:./tmk_core/common/keyboard.c **** #   include "serial_link/system/serial_link.h"
  62:./tmk_core/common/keyboard.c **** #endif
  63:./tmk_core/common/keyboard.c **** #ifdef VISUALIZER_ENABLE
  64:./tmk_core/common/keyboard.c **** #   include "visualizer/visualizer.h"
  65:./tmk_core/common/keyboard.c **** #endif
  66:./tmk_core/common/keyboard.c **** #ifdef POINTING_DEVICE_ENABLE
  67:./tmk_core/common/keyboard.c **** #   include "pointing_device.h"
  68:./tmk_core/common/keyboard.c **** #endif
  69:./tmk_core/common/keyboard.c **** 
  70:./tmk_core/common/keyboard.c **** #ifdef MATRIX_HAS_GHOST
  71:./tmk_core/common/keyboard.c **** extern const uint16_t keymaps[][MATRIX_ROWS][MATRIX_COLS];
  72:./tmk_core/common/keyboard.c **** static matrix_row_t get_real_keys(uint8_t row, matrix_row_t rowdata){
  73:./tmk_core/common/keyboard.c ****     matrix_row_t out = 0;
  74:./tmk_core/common/keyboard.c ****     for (uint8_t col = 0; col < MATRIX_COLS; col++) {
  75:./tmk_core/common/keyboard.c ****         //read each key in the row data and check if the keymap defines it as a real key
  76:./tmk_core/common/keyboard.c ****         if (pgm_read_byte(&keymaps[0][row][col]) && (rowdata & (1<<col))){
  77:./tmk_core/common/keyboard.c ****             //this creates new row data, if a key is defined in the keymap, it will be set here
  78:./tmk_core/common/keyboard.c ****             out |= 1<<col;
  79:./tmk_core/common/keyboard.c ****         }
  80:./tmk_core/common/keyboard.c ****     }
  81:./tmk_core/common/keyboard.c ****     return out;
  82:./tmk_core/common/keyboard.c **** }
  83:./tmk_core/common/keyboard.c **** 
  84:./tmk_core/common/keyboard.c **** static inline bool popcount_more_than_one(matrix_row_t rowdata)
  85:./tmk_core/common/keyboard.c **** {
  86:./tmk_core/common/keyboard.c ****     rowdata &= rowdata-1; //if there are less than two bits (keys) set, rowdata will become zero
  87:./tmk_core/common/keyboard.c ****     return rowdata;
  88:./tmk_core/common/keyboard.c **** }
  89:./tmk_core/common/keyboard.c **** 
  90:./tmk_core/common/keyboard.c **** static inline bool has_ghost_in_row(uint8_t row, matrix_row_t rowdata)
  91:./tmk_core/common/keyboard.c **** {
  92:./tmk_core/common/keyboard.c ****     /* No ghost exists when less than 2 keys are down on the row.
  93:./tmk_core/common/keyboard.c ****     If there are "active" blanks in the matrix, the key can't be pressed by the user,
  94:./tmk_core/common/keyboard.c ****     there is no doubt as to which keys are really being pressed.
  95:./tmk_core/common/keyboard.c ****     The ghosts will be ignored, they are KC_NO.   */
  96:./tmk_core/common/keyboard.c ****     rowdata = get_real_keys(row, rowdata);
  97:./tmk_core/common/keyboard.c ****     if ((popcount_more_than_one(rowdata)) == 0){
  98:./tmk_core/common/keyboard.c ****         return false;
  99:./tmk_core/common/keyboard.c ****     }
 100:./tmk_core/common/keyboard.c ****     /* Ghost occurs when the row shares a column line with other row,
 101:./tmk_core/common/keyboard.c ****     and two columns are read on each row. Blanks in the matrix don't matter,
 102:./tmk_core/common/keyboard.c ****     so they are filtered out.
 103:./tmk_core/common/keyboard.c ****     If there are two or more real keys pressed and they match columns with
 104:./tmk_core/common/keyboard.c ****     at least two of another row's real keys, the row will be ignored. Keep in mind,
 105:./tmk_core/common/keyboard.c ****     we are checking one row at a time, not all of them at once.
 106:./tmk_core/common/keyboard.c ****     */
 107:./tmk_core/common/keyboard.c ****     for (uint8_t i=0; i < MATRIX_ROWS; i++) {
 108:./tmk_core/common/keyboard.c ****         if (i != row && popcount_more_than_one(get_real_keys(i, matrix_get_row(i)) & rowdata)){
 109:./tmk_core/common/keyboard.c ****             return true;
 110:./tmk_core/common/keyboard.c ****         }
 111:./tmk_core/common/keyboard.c ****     }
 112:./tmk_core/common/keyboard.c ****     return false;
 113:./tmk_core/common/keyboard.c **** }
 114:./tmk_core/common/keyboard.c **** 
 115:./tmk_core/common/keyboard.c **** #endif
 116:./tmk_core/common/keyboard.c **** 
 117:./tmk_core/common/keyboard.c **** __attribute__ ((weak))
 118:./tmk_core/common/keyboard.c **** void matrix_setup(void) {
  16               		.loc 1 118 0
  17               		.cfi_startproc
  18               	/* prologue: function */
  19               	/* frame size = 0 */
  20               	/* stack size = 0 */
  21               	.L__stack_usage = 0
  22               	/* epilogue start */
 119:./tmk_core/common/keyboard.c **** }
  23               		.loc 1 119 0
  24 0000 0895      		ret
  25               		.cfi_endproc
  26               	.LFE110:
  28               		.section	.text.keyboard_setup,"ax",@progbits
  29               	.global	keyboard_setup
  31               	keyboard_setup:
  32               	.LFB111:
 120:./tmk_core/common/keyboard.c **** 
 121:./tmk_core/common/keyboard.c **** void keyboard_setup(void) {
  33               		.loc 1 121 0
  34               		.cfi_startproc
  35               	/* prologue: function */
  36               	/* frame size = 0 */
  37               	/* stack size = 0 */
  38               	.L__stack_usage = 0
 122:./tmk_core/common/keyboard.c ****     matrix_setup();
  39               		.loc 1 122 0
  40 0000 0C94 0000 		jmp matrix_setup
  41               	.LVL0:
  42               		.cfi_endproc
  43               	.LFE111:
  45               		.section	.text.is_keyboard_master,"ax",@progbits
  46               		.weak	is_keyboard_master
  48               	is_keyboard_master:
  49               	.LFB112:
 123:./tmk_core/common/keyboard.c **** }
 124:./tmk_core/common/keyboard.c **** 
 125:./tmk_core/common/keyboard.c **** __attribute__((weak))
 126:./tmk_core/common/keyboard.c **** bool is_keyboard_master(void) {
  50               		.loc 1 126 0
  51               		.cfi_startproc
  52               	/* prologue: function */
  53               	/* frame size = 0 */
  54               	/* stack size = 0 */
  55               	.L__stack_usage = 0
 127:./tmk_core/common/keyboard.c ****     return true;
 128:./tmk_core/common/keyboard.c **** }
  56               		.loc 1 128 0
  57 0000 81E0      		ldi r24,lo8(1)
  58               	/* epilogue start */
  59 0002 0895      		ret
  60               		.cfi_endproc
  61               	.LFE112:
  63               		.section	.text.keyboard_init,"ax",@progbits
  64               	.global	keyboard_init
  66               	keyboard_init:
  67               	.LFB113:
 129:./tmk_core/common/keyboard.c **** 
 130:./tmk_core/common/keyboard.c **** void keyboard_init(void) {
  68               		.loc 1 130 0
  69               		.cfi_startproc
  70               	/* prologue: function */
  71               	/* frame size = 0 */
  72               	/* stack size = 0 */
  73               	.L__stack_usage = 0
 131:./tmk_core/common/keyboard.c ****     timer_init();
  74               		.loc 1 131 0
  75 0000 0E94 0000 		call timer_init
  76               	.LVL1:
 132:./tmk_core/common/keyboard.c ****     matrix_init();
  77               		.loc 1 132 0
  78 0004 0E94 0000 		call matrix_init
  79               	.LVL2:
 133:./tmk_core/common/keyboard.c **** #ifdef PS2_MOUSE_ENABLE
 134:./tmk_core/common/keyboard.c ****     ps2_mouse_init();
 135:./tmk_core/common/keyboard.c **** #endif
 136:./tmk_core/common/keyboard.c **** #ifdef SERIAL_MOUSE_ENABLE
 137:./tmk_core/common/keyboard.c ****     serial_mouse_init();
 138:./tmk_core/common/keyboard.c **** #endif
 139:./tmk_core/common/keyboard.c **** #ifdef ADB_MOUSE_ENABLE
 140:./tmk_core/common/keyboard.c ****     adb_mouse_init();
 141:./tmk_core/common/keyboard.c **** #endif
 142:./tmk_core/common/keyboard.c **** #ifdef BOOTMAGIC_ENABLE
 143:./tmk_core/common/keyboard.c ****     bootmagic();
 144:./tmk_core/common/keyboard.c **** #else
 145:./tmk_core/common/keyboard.c ****     magic();
  80               		.loc 1 145 0
  81 0008 0E94 0000 		call magic
  82               	.LVL3:
 146:./tmk_core/common/keyboard.c **** #endif
 147:./tmk_core/common/keyboard.c **** #ifdef BACKLIGHT_ENABLE
 148:./tmk_core/common/keyboard.c ****     backlight_init();
 149:./tmk_core/common/keyboard.c **** #endif
 150:./tmk_core/common/keyboard.c **** #ifdef RGBLIGHT_ENABLE
 151:./tmk_core/common/keyboard.c ****     rgblight_init();
 152:./tmk_core/common/keyboard.c **** #endif
 153:./tmk_core/common/keyboard.c **** #ifdef STENO_ENABLE
 154:./tmk_core/common/keyboard.c ****     steno_init();
  83               		.loc 1 154 0
  84 000c 0C94 0000 		jmp steno_init
  85               	.LVL4:
  86               		.cfi_endproc
  87               	.LFE113:
  89               		.section	.text.keyboard_task,"ax",@progbits
  90               	.global	keyboard_task
  92               	keyboard_task:
  93               	.LFB114:
 155:./tmk_core/common/keyboard.c **** #endif
 156:./tmk_core/common/keyboard.c **** #ifdef FAUXCLICKY_ENABLE
 157:./tmk_core/common/keyboard.c ****     fauxclicky_init();
 158:./tmk_core/common/keyboard.c **** #endif
 159:./tmk_core/common/keyboard.c **** #ifdef POINTING_DEVICE_ENABLE
 160:./tmk_core/common/keyboard.c ****     pointing_device_init();
 161:./tmk_core/common/keyboard.c **** #endif
 162:./tmk_core/common/keyboard.c **** #if defined(NKRO_ENABLE) && defined(FORCE_NKRO)
 163:./tmk_core/common/keyboard.c ****     keymap_config.nkro = 1;
 164:./tmk_core/common/keyboard.c **** #endif
 165:./tmk_core/common/keyboard.c **** }
 166:./tmk_core/common/keyboard.c **** 
 167:./tmk_core/common/keyboard.c **** /*
 168:./tmk_core/common/keyboard.c ****  * Do keyboard routine jobs: scan matrix, light LEDs, ...
 169:./tmk_core/common/keyboard.c ****  * This is repeatedly called as fast as possible.
 170:./tmk_core/common/keyboard.c ****  */
 171:./tmk_core/common/keyboard.c **** void keyboard_task(void)
 172:./tmk_core/common/keyboard.c **** {
  94               		.loc 1 172 0
  95               		.cfi_startproc
  96 0000 5F92      		push r5
  97               	.LCFI0:
  98               		.cfi_def_cfa_offset 3
  99               		.cfi_offset 5, -2
 100 0002 6F92      		push r6
 101               	.LCFI1:
 102               		.cfi_def_cfa_offset 4
 103               		.cfi_offset 6, -3
 104 0004 7F92      		push r7
 105               	.LCFI2:
 106               		.cfi_def_cfa_offset 5
 107               		.cfi_offset 7, -4
 108 0006 8F92      		push r8
 109               	.LCFI3:
 110               		.cfi_def_cfa_offset 6
 111               		.cfi_offset 8, -5
 112 0008 9F92      		push r9
 113               	.LCFI4:
 114               		.cfi_def_cfa_offset 7
 115               		.cfi_offset 9, -6
 116 000a AF92      		push r10
 117               	.LCFI5:
 118               		.cfi_def_cfa_offset 8
 119               		.cfi_offset 10, -7
 120 000c BF92      		push r11
 121               	.LCFI6:
 122               		.cfi_def_cfa_offset 9
 123               		.cfi_offset 11, -8
 124 000e CF92      		push r12
 125               	.LCFI7:
 126               		.cfi_def_cfa_offset 10
 127               		.cfi_offset 12, -9
 128 0010 DF92      		push r13
 129               	.LCFI8:
 130               		.cfi_def_cfa_offset 11
 131               		.cfi_offset 13, -10
 132 0012 EF92      		push r14
 133               	.LCFI9:
 134               		.cfi_def_cfa_offset 12
 135               		.cfi_offset 14, -11
 136 0014 FF92      		push r15
 137               	.LCFI10:
 138               		.cfi_def_cfa_offset 13
 139               		.cfi_offset 15, -12
 140 0016 0F93      		push r16
 141               	.LCFI11:
 142               		.cfi_def_cfa_offset 14
 143               		.cfi_offset 16, -13
 144 0018 1F93      		push r17
 145               	.LCFI12:
 146               		.cfi_def_cfa_offset 15
 147               		.cfi_offset 17, -14
 148 001a CF93      		push r28
 149               	.LCFI13:
 150               		.cfi_def_cfa_offset 16
 151               		.cfi_offset 28, -15
 152 001c DF93      		push r29
 153               	.LCFI14:
 154               		.cfi_def_cfa_offset 17
 155               		.cfi_offset 29, -16
 156 001e CDB7      		in r28,__SP_L__
 157 0020 DEB7      		in r29,__SP_H__
 158               	.LCFI15:
 159               		.cfi_def_cfa_register 28
 160 0022 2A97      		sbiw r28,10
 161               	.LCFI16:
 162               		.cfi_def_cfa_offset 27
 163 0024 0FB6      		in __tmp_reg__,__SREG__
 164 0026 F894      		cli
 165 0028 DEBF      		out __SP_H__,r29
 166 002a 0FBE      		out __SREG__,__tmp_reg__
 167 002c CDBF      		out __SP_L__,r28
 168               	/* prologue: function */
 169               	/* frame size = 10 */
 170               	/* stack size = 25 */
 171               	.L__stack_usage = 25
 172               	.LVL5:
 173:./tmk_core/common/keyboard.c ****     static matrix_row_t matrix_prev[MATRIX_ROWS];
 174:./tmk_core/common/keyboard.c **** #ifdef MATRIX_HAS_GHOST
 175:./tmk_core/common/keyboard.c ****   //  static matrix_row_t matrix_ghost[MATRIX_ROWS];
 176:./tmk_core/common/keyboard.c **** #endif
 177:./tmk_core/common/keyboard.c ****     static uint8_t led_status = 0;
 178:./tmk_core/common/keyboard.c ****     matrix_row_t matrix_row = 0;
 179:./tmk_core/common/keyboard.c ****     matrix_row_t matrix_change = 0;
 180:./tmk_core/common/keyboard.c **** #ifdef QMK_KEYS_PER_SCAN
 181:./tmk_core/common/keyboard.c ****     uint8_t keys_processed = 0;
 182:./tmk_core/common/keyboard.c **** #endif
 183:./tmk_core/common/keyboard.c **** 
 184:./tmk_core/common/keyboard.c ****     matrix_scan();
 173               		.loc 1 184 0
 174 002e 0E94 0000 		call matrix_scan
 175               	.LVL6:
 185:./tmk_core/common/keyboard.c ****     if (is_keyboard_master()) {
 176               		.loc 1 185 0
 177 0032 0E94 0000 		call is_keyboard_master
 178               	.LVL7:
 179 0036 8823      		tst r24
 180 0038 01F4      		brne .+2
 181 003a 00C0      		rjmp .L6
 182 003c 90E0      		ldi r25,lo8(matrix_prev.5509)
 183 003e A92E      		mov r10,r25
 184 0040 90E0      		ldi r25,hi8(matrix_prev.5509)
 185 0042 B92E      		mov r11,r25
 186 0044 10E0      		ldi r17,0
 187 0046 00E0      		ldi r16,0
 188               	.LBB6:
 189               	.LBB7:
 186:./tmk_core/common/keyboard.c ****         for (uint8_t r = 0; r < MATRIX_ROWS; r++) {
 187:./tmk_core/common/keyboard.c ****             matrix_row = matrix_get_row(r);
 188:./tmk_core/common/keyboard.c ****             matrix_change = matrix_row ^ matrix_prev[r];
 189:./tmk_core/common/keyboard.c ****             if (matrix_change) {
 190:./tmk_core/common/keyboard.c **** #ifdef MATRIX_HAS_GHOST
 191:./tmk_core/common/keyboard.c ****                 if (has_ghost_in_row(r, matrix_row)) {
 192:./tmk_core/common/keyboard.c ****                     /* Keep track of whether ghosted status has changed for
 193:./tmk_core/common/keyboard.c ****                     * debugging. But don't update matrix_prev until un-ghosted, or
 194:./tmk_core/common/keyboard.c ****                     * the last key would be lost.
 195:./tmk_core/common/keyboard.c ****                     */
 196:./tmk_core/common/keyboard.c ****                     //if (debug_matrix && matrix_ghost[r] != matrix_row) {
 197:./tmk_core/common/keyboard.c ****                     //    matrix_print();
 198:./tmk_core/common/keyboard.c ****                     //}
 199:./tmk_core/common/keyboard.c ****                     //matrix_ghost[r] = matrix_row;
 200:./tmk_core/common/keyboard.c ****                     continue;
 201:./tmk_core/common/keyboard.c ****                 }
 202:./tmk_core/common/keyboard.c ****                 //matrix_ghost[r] = matrix_row;
 203:./tmk_core/common/keyboard.c **** #endif
 204:./tmk_core/common/keyboard.c ****                 if (debug_matrix) matrix_print();
 205:./tmk_core/common/keyboard.c ****                 for (uint8_t c = 0; c < MATRIX_COLS; c++) {
 206:./tmk_core/common/keyboard.c ****                     if (matrix_change & ((matrix_row_t)1<<c)) {
 190               		.loc 1 206 0
 191 0048 8824      		clr r8
 192 004a 8394      		inc r8
 193 004c 912C      		mov r9,__zero_reg__
 194               	.LVL8:
 195               	.L13:
 196 004e 502E      		mov r5,r16
 197               	.LVL9:
 198               	.LBE7:
 187:./tmk_core/common/keyboard.c ****             matrix_change = matrix_row ^ matrix_prev[r];
 199               		.loc 1 187 0
 200 0050 802F      		mov r24,r16
 201 0052 0E94 0000 		call matrix_get_row
 202               	.LVL10:
 203 0056 7C01      		movw r14,r24
 204               	.LVL11:
 188:./tmk_core/common/keyboard.c ****             if (matrix_change) {
 205               		.loc 1 188 0
 206 0058 F501      		movw r30,r10
 207 005a C190      		ld r12,Z+
 208 005c D190      		ld r13,Z+
 209 005e 5F01      		movw r10,r30
 210               	.LVL12:
 189:./tmk_core/common/keyboard.c **** #ifdef MATRIX_HAS_GHOST
 211               		.loc 1 189 0
 212 0060 C816      		cp r12,r24
 213 0062 D906      		cpc r13,r25
 214 0064 01F4      		brne .+2
 215 0066 00C0      		rjmp .L7
 204:./tmk_core/common/keyboard.c ****                 for (uint8_t c = 0; c < MATRIX_COLS; c++) {
 216               		.loc 1 204 0
 217 0068 8091 0000 		lds r24,debug_config
 218 006c 81FD      		sbrc r24,1
 204:./tmk_core/common/keyboard.c ****                 for (uint8_t c = 0; c < MATRIX_COLS; c++) {
 219               		.loc 1 204 0 is_stmt 0 discriminator 1
 220 006e 0E94 0000 		call matrix_print
 221               	.LVL13:
 222               	.L8:
 223               	.LBE6:
 185:./tmk_core/common/keyboard.c ****         for (uint8_t r = 0; r < MATRIX_ROWS; r++) {
 224               		.loc 1 185 0 is_stmt 1
 225 0072 90E0      		ldi r25,0
 226 0074 80E0      		ldi r24,0
 227               	.LBB10:
 188:./tmk_core/common/keyboard.c ****             if (matrix_change) {
 228               		.loc 1 188 0
 229 0076 CE24      		eor r12,r14
 230               	.LVL14:
 231 0078 DF24      		eor r13,r15
 232               	.LVL15:
 233               	.L12:
 234               	.LBB8:
 235               		.loc 1 206 0
 236 007a 3401      		movw r6,r8
 237 007c 082E      		mov r0,r24
 238 007e 00C0      		rjmp 2f
 239               		1:
 240 0080 660C      		lsl r6
 241 0082 771C      		rol r7
 242               		2:
 243 0084 0A94      		dec r0
 244 0086 02F4      		brpl 1b
 245 0088 9601      		movw r18,r12
 246 008a 2621      		and r18,r6
 247 008c 3721      		and r19,r7
 248 008e 232B      		or r18,r19
 249 0090 01F4      		brne .+2
 250 0092 00C0      		rjmp .L9
 207:./tmk_core/common/keyboard.c ****                         action_exec((keyevent_t){
 251               		.loc 1 207 0
 252 0094 8E83      		std Y+6,r24
 253 0096 5F82      		std Y+7,r5
 208:./tmk_core/common/keyboard.c ****                             .key = (keypos_t){ .row = r, .col = c },
 209:./tmk_core/common/keyboard.c ****                             .pressed = (matrix_row & ((matrix_row_t)1<<c)),
 254               		.loc 1 209 0
 255 0098 E620      		and r14,r6
 256               	.LVL16:
 257 009a F720      		and r15,r7
 258 009c 81E0      		ldi r24,lo8(1)
 259               	.LVL17:
 260 009e EF28      		or r14,r15
 261 00a0 01F4      		brne .L10
 262 00a2 80E0      		ldi r24,0
 263               	.L10:
 207:./tmk_core/common/keyboard.c ****                         action_exec((keyevent_t){
 264               		.loc 1 207 0
 265 00a4 8887      		std Y+8,r24
 210:./tmk_core/common/keyboard.c ****                             .time = (timer_read() | 1) /* time should not be 0 */
 266               		.loc 1 210 0
 267 00a6 0E94 0000 		call timer_read
 268               	.LVL18:
 269 00aa 8160      		ori r24,1
 207:./tmk_core/common/keyboard.c ****                         action_exec((keyevent_t){
 270               		.loc 1 207 0
 271 00ac 782F      		mov r23,r24
 272 00ae 9A87      		std Y+10,r25
 273 00b0 8987      		std Y+9,r24
 274 00b2 4E81      		ldd r20,Y+6
 275 00b4 5F81      		ldd r21,Y+7
 276 00b6 6885      		ldd r22,Y+8
 277 00b8 8A85      		ldd r24,Y+10
 278 00ba 0E94 0000 		call action_exec
 279               	.LVL19:
 211:./tmk_core/common/keyboard.c ****                         });
 212:./tmk_core/common/keyboard.c ****                         // record a processed key
 213:./tmk_core/common/keyboard.c ****                         matrix_prev[r] ^= ((matrix_row_t)1<<c);
 280               		.loc 1 213 0
 281 00be 000F      		lsl r16
 282 00c0 111F      		rol r17
 283               	.LVL20:
 284 00c2 F801      		movw r30,r16
 285 00c4 E050      		subi r30,lo8(-(matrix_prev.5509))
 286 00c6 F040      		sbci r31,hi8(-(matrix_prev.5509))
 287 00c8 8081      		ld r24,Z
 288 00ca 9181      		ldd r25,Z+1
 289 00cc 6826      		eor r6,r24
 290 00ce 7926      		eor r7,r25
 291 00d0 7182      		std Z+1,r7
 292 00d2 6082      		st Z,r6
 293               	.L11:
 294               	.LBE8:
 295               	.LBE10:
 214:./tmk_core/common/keyboard.c **** #ifdef QMK_KEYS_PER_SCAN
 215:./tmk_core/common/keyboard.c ****                         // only jump out if we have processed "enough" keys.
 216:./tmk_core/common/keyboard.c ****                         if (++keys_processed >= QMK_KEYS_PER_SCAN)
 217:./tmk_core/common/keyboard.c **** #endif
 218:./tmk_core/common/keyboard.c ****                         // process a key per task call
 219:./tmk_core/common/keyboard.c ****                         goto MATRIX_LOOP_END;
 220:./tmk_core/common/keyboard.c ****                     }
 221:./tmk_core/common/keyboard.c ****                 }
 222:./tmk_core/common/keyboard.c ****             }
 223:./tmk_core/common/keyboard.c ****         }
 224:./tmk_core/common/keyboard.c ****     }
 225:./tmk_core/common/keyboard.c ****     // call with pseudo tick event when no real key event.
 226:./tmk_core/common/keyboard.c **** #ifdef QMK_KEYS_PER_SCAN
 227:./tmk_core/common/keyboard.c ****     // we can get here with some keys processed now.
 228:./tmk_core/common/keyboard.c ****     if (!keys_processed)
 229:./tmk_core/common/keyboard.c **** #endif
 230:./tmk_core/common/keyboard.c ****     action_exec(TICK);
 231:./tmk_core/common/keyboard.c **** 
 232:./tmk_core/common/keyboard.c **** MATRIX_LOOP_END:
 233:./tmk_core/common/keyboard.c **** 
 234:./tmk_core/common/keyboard.c **** #ifdef MOUSEKEY_ENABLE
 235:./tmk_core/common/keyboard.c ****     // mousekey repeat & acceleration
 236:./tmk_core/common/keyboard.c ****     mousekey_task();
 237:./tmk_core/common/keyboard.c **** #endif
 238:./tmk_core/common/keyboard.c **** 
 239:./tmk_core/common/keyboard.c **** #ifdef PS2_MOUSE_ENABLE
 240:./tmk_core/common/keyboard.c ****     ps2_mouse_task();
 241:./tmk_core/common/keyboard.c **** #endif
 242:./tmk_core/common/keyboard.c **** 
 243:./tmk_core/common/keyboard.c **** #ifdef SERIAL_MOUSE_ENABLE
 244:./tmk_core/common/keyboard.c ****     serial_mouse_task();
 245:./tmk_core/common/keyboard.c **** #endif
 246:./tmk_core/common/keyboard.c **** 
 247:./tmk_core/common/keyboard.c **** #ifdef ADB_MOUSE_ENABLE
 248:./tmk_core/common/keyboard.c ****     adb_mouse_task();
 249:./tmk_core/common/keyboard.c **** #endif
 250:./tmk_core/common/keyboard.c **** 
 251:./tmk_core/common/keyboard.c **** #ifdef SERIAL_LINK_ENABLE
 252:./tmk_core/common/keyboard.c **** 	serial_link_update();
 253:./tmk_core/common/keyboard.c **** #endif
 254:./tmk_core/common/keyboard.c **** 
 255:./tmk_core/common/keyboard.c **** #ifdef VISUALIZER_ENABLE
 256:./tmk_core/common/keyboard.c ****     visualizer_update(default_layer_state, layer_state, visualizer_get_mods(), host_keyboard_leds()
 257:./tmk_core/common/keyboard.c **** #endif
 258:./tmk_core/common/keyboard.c **** 
 259:./tmk_core/common/keyboard.c **** #ifdef POINTING_DEVICE_ENABLE
 260:./tmk_core/common/keyboard.c ****     pointing_device_task();
 261:./tmk_core/common/keyboard.c **** #endif
 262:./tmk_core/common/keyboard.c **** 
 263:./tmk_core/common/keyboard.c ****     // update LED
 264:./tmk_core/common/keyboard.c ****     if (led_status != host_keyboard_leds()) {
 296               		.loc 1 264 0
 297 00d4 0E94 0000 		call host_keyboard_leds
 298               	.LVL21:
 299 00d8 9091 0000 		lds r25,led_status.5510
 300 00dc 8917      		cp r24,r25
 301 00de 01F0      		breq .L5
 265:./tmk_core/common/keyboard.c ****         led_status = host_keyboard_leds();
 302               		.loc 1 265 0
 303 00e0 0E94 0000 		call host_keyboard_leds
 304               	.LVL22:
 305 00e4 8093 0000 		sts led_status.5510,r24
 306               	.LVL23:
 307               	/* epilogue start */
 266:./tmk_core/common/keyboard.c ****         keyboard_set_leds(led_status);
 267:./tmk_core/common/keyboard.c ****     }
 268:./tmk_core/common/keyboard.c **** }
 308               		.loc 1 268 0
 309 00e8 2A96      		adiw r28,10
 310 00ea 0FB6      		in __tmp_reg__,__SREG__
 311 00ec F894      		cli
 312 00ee DEBF      		out __SP_H__,r29
 313 00f0 0FBE      		out __SREG__,__tmp_reg__
 314 00f2 CDBF      		out __SP_L__,r28
 315 00f4 DF91      		pop r29
 316 00f6 CF91      		pop r28
 317 00f8 1F91      		pop r17
 318 00fa 0F91      		pop r16
 319 00fc FF90      		pop r15
 320 00fe EF90      		pop r14
 321 0100 DF90      		pop r13
 322 0102 CF90      		pop r12
 323 0104 BF90      		pop r11
 324 0106 AF90      		pop r10
 325 0108 9F90      		pop r9
 326 010a 8F90      		pop r8
 327 010c 7F90      		pop r7
 328 010e 6F90      		pop r6
 329 0110 5F90      		pop r5
 330               	.LBB11:
 331               	.LBB12:
 269:./tmk_core/common/keyboard.c **** 
 270:./tmk_core/common/keyboard.c **** void keyboard_set_leds(uint8_t leds)
 271:./tmk_core/common/keyboard.c **** {
 272:./tmk_core/common/keyboard.c ****     if (debug_keyboard) { debug("keyboard_set_led: "); debug_hex8(leds); debug("\n"); }
 273:./tmk_core/common/keyboard.c ****     led_set(leds);
 332               		.loc 1 273 0
 333 0112 0C94 0000 		jmp led_set
 334               	.LVL24:
 335               	.L9:
 336 0116 0196      		adiw r24,1
 337               	.LVL25:
 338               	.LBE12:
 339               	.LBE11:
 340               	.LBB13:
 341               	.LBB9:
 205:./tmk_core/common/keyboard.c ****                     if (matrix_change & ((matrix_row_t)1<<c)) {
 342               		.loc 1 205 0 discriminator 2
 343 0118 8C30      		cpi r24,12
 344 011a 9105      		cpc r25,__zero_reg__
 345 011c 01F0      		breq .+2
 346 011e 00C0      		rjmp .L12
 347               	.LVL26:
 348               	.L7:
 349 0120 0F5F      		subi r16,-1
 350 0122 1F4F      		sbci r17,-1
 351               	.LVL27:
 352               	.LBE9:
 186:./tmk_core/common/keyboard.c ****             matrix_row = matrix_get_row(r);
 353               		.loc 1 186 0
 354 0124 0430      		cpi r16,4
 355 0126 1105      		cpc r17,__zero_reg__
 356 0128 01F0      		breq .+2
 357 012a 00C0      		rjmp .L13
 358               	.LVL28:
 359               	.L6:
 360               	.LBE13:
 230:./tmk_core/common/keyboard.c **** 
 361               		.loc 1 230 0
 362 012c 8FEF      		ldi r24,lo8(-1)
 363 012e 8983      		std Y+1,r24
 364 0130 8A83      		std Y+2,r24
 365 0132 1B82      		std Y+3,__zero_reg__
 366 0134 0E94 0000 		call timer_read
 367               	.LVL29:
 368 0138 8160      		ori r24,1
 369 013a 782F      		mov r23,r24
 370 013c 9D83      		std Y+5,r25
 371 013e 8C83      		std Y+4,r24
 372 0140 4981      		ldd r20,Y+1
 373 0142 5A81      		ldd r21,Y+2
 374 0144 6B81      		ldd r22,Y+3
 375 0146 8D81      		ldd r24,Y+5
 376 0148 0E94 0000 		call action_exec
 377               	.LVL30:
 378 014c 00C0      		rjmp .L11
 379               	.L5:
 380               	/* epilogue start */
 268:./tmk_core/common/keyboard.c **** 
 381               		.loc 1 268 0
 382 014e 2A96      		adiw r28,10
 383 0150 0FB6      		in __tmp_reg__,__SREG__
 384 0152 F894      		cli
 385 0154 DEBF      		out __SP_H__,r29
 386 0156 0FBE      		out __SREG__,__tmp_reg__
 387 0158 CDBF      		out __SP_L__,r28
 388 015a DF91      		pop r29
 389 015c CF91      		pop r28
 390 015e 1F91      		pop r17
 391 0160 0F91      		pop r16
 392 0162 FF90      		pop r15
 393 0164 EF90      		pop r14
 394 0166 DF90      		pop r13
 395 0168 CF90      		pop r12
 396 016a BF90      		pop r11
 397 016c AF90      		pop r10
 398 016e 9F90      		pop r9
 399 0170 8F90      		pop r8
 400 0172 7F90      		pop r7
 401 0174 6F90      		pop r6
 402 0176 5F90      		pop r5
 403 0178 0895      		ret
 404               		.cfi_endproc
 405               	.LFE114:
 407               		.section	.text.keyboard_set_leds,"ax",@progbits
 408               	.global	keyboard_set_leds
 410               	keyboard_set_leds:
 411               	.LFB115:
 271:./tmk_core/common/keyboard.c ****     if (debug_keyboard) { debug("keyboard_set_led: "); debug_hex8(leds); debug("\n"); }
 412               		.loc 1 271 0
 413               		.cfi_startproc
 414               	.LVL31:
 415               	/* prologue: function */
 416               	/* frame size = 0 */
 417               	/* stack size = 0 */
 418               	.L__stack_usage = 0
 419               		.loc 1 273 0
 420 0000 0C94 0000 		jmp led_set
 421               	.LVL32:
 422               		.cfi_endproc
 423               	.LFE115:
 425               		.section	.bss.led_status.5510,"aw",@nobits
 428               	led_status.5510:
 429 0000 00        		.zero	1
 430               		.section	.bss.matrix_prev.5509,"aw",@nobits
 433               	matrix_prev.5509:
 434 0000 0000 0000 		.zero	8
 434      0000 0000 
 435               		.text
 436               	.Letext0:
 437               		.file 2 "/usr/avr/include/stdint.h"
 438               		.file 3 "./tmk_core/common/keyboard.h"
 439               		.file 4 "./tmk_core/common/matrix.h"
 440               		.file 5 "/usr/lib/gcc/avr/7.3.0/include/stddef.h"
 441               		.file 6 "./lib/lufa/LUFA/Drivers/USB/Core/AVR8/../StdRequestType.h"
 442               		.file 7 "./tmk_core/common/action.h"
 443               		.file 8 "./lib/lufa/LUFA/Drivers/USB/Core/AVR8/../DeviceStandardReq.h"
 444               		.file 9 "./lib/lufa/LUFA/Drivers/USB/Core/USBTask.h"
 445               		.file 10 "./lib/lufa/LUFA/Drivers/USB/Core/HostStandardReq.h"
 446               		.file 11 "/usr/avr/include/stdio.h"
 447               		.file 12 "./tmk_core/common/report.h"
 448               		.file 13 "./tmk_core/common/host.h"
 449               		.file 14 "./tmk_core/common/debug.h"
 450               		.file 15 "./quantum/keycode_config.h"
 451               		.file 16 "./quantum/keymap.h"
 452               		.file 17 "./tmk_core/common/timer.h"
 453               		.file 18 "./tmk_core/common/command.h"
 454               		.file 19 "./tmk_core/common/action_layer.h"
 455               		.file 20 "./tmk_core/common/action_util.h"
 456               		.file 21 "/usr/avr/include/stdlib.h"
 457               		.file 22 "./quantum/quantum.h"
 458               		.file 23 "./tmk_core/common/led.h"
 459               		.file 24 "./tmk_core/common/magic.h"
 460               		.file 25 "./quantum/process_keycode/process_steno.h"
DEFINED SYMBOLS
                            *ABS*:0000000000000000 keyboard.c
     /tmp/cczBP0yf.s:2      *ABS*:000000000000003e __SP_H__
     /tmp/cczBP0yf.s:3      *ABS*:000000000000003d __SP_L__
     /tmp/cczBP0yf.s:4      *ABS*:000000000000003f __SREG__
     /tmp/cczBP0yf.s:5      *ABS*:0000000000000000 __tmp_reg__
     /tmp/cczBP0yf.s:6      *ABS*:0000000000000001 __zero_reg__
     /tmp/cczBP0yf.s:13     .text.matrix_setup:0000000000000000 matrix_setup
     /tmp/cczBP0yf.s:31     .text.keyboard_setup:0000000000000000 keyboard_setup
     /tmp/cczBP0yf.s:48     .text.is_keyboard_master:0000000000000000 is_keyboard_master
     /tmp/cczBP0yf.s:66     .text.keyboard_init:0000000000000000 keyboard_init
     /tmp/cczBP0yf.s:92     .text.keyboard_task:0000000000000000 keyboard_task
     /tmp/cczBP0yf.s:433    .bss.matrix_prev.5509:0000000000000000 matrix_prev.5509
     /tmp/cczBP0yf.s:428    .bss.led_status.5510:0000000000000000 led_status.5510
     /tmp/cczBP0yf.s:410    .text.keyboard_set_leds:0000000000000000 keyboard_set_leds

UNDEFINED SYMBOLS
timer_init
matrix_init
magic
steno_init
matrix_scan
matrix_get_row
debug_config
matrix_print
timer_read
action_exec
host_keyboard_leds
led_set
__do_clear_bss
