   1               		.file	"outputselect.c"
   2               	__SP_H__ = 0x3e
   3               	__SP_L__ = 0x3d
   4               	__SREG__ = 0x3f
   5               	__tmp_reg__ = 0
   6               	__zero_reg__ = 1
   7               		.text
   8               	.Ltext0:
   9               		.cfi_sections	.debug_frame
  10               		.section	.text.set_output_user,"ax",@progbits
  11               		.weak	set_output_user
  13               	set_output_user:
  14               	.LFB106:
  15               		.file 1 "./tmk_core/protocol/lufa/outputselect.c"
   1:./tmk_core/protocol/lufa/outputselect.c **** /*
   2:./tmk_core/protocol/lufa/outputselect.c **** Copyright 2017 Priyadi Iman Nurcahyo
   3:./tmk_core/protocol/lufa/outputselect.c **** This program is free software: you can redistribute it and/or modify
   4:./tmk_core/protocol/lufa/outputselect.c **** it under the terms of the GNU General Public License as published by
   5:./tmk_core/protocol/lufa/outputselect.c **** the Free Software Foundation, either version 2 of the License, or
   6:./tmk_core/protocol/lufa/outputselect.c **** (at your option) any later version.
   7:./tmk_core/protocol/lufa/outputselect.c **** This program is distributed in the hope that it will be useful,
   8:./tmk_core/protocol/lufa/outputselect.c **** but WITHOUT ANY WARRANTY; without even the implied warranty of
   9:./tmk_core/protocol/lufa/outputselect.c **** MERCHANTABILITY or FITNESS FOR A PARTICULAR PURPOSE.  See the
  10:./tmk_core/protocol/lufa/outputselect.c **** GNU General Public License for more details.
  11:./tmk_core/protocol/lufa/outputselect.c **** You should have received a copy of the GNU General Public License
  12:./tmk_core/protocol/lufa/outputselect.c **** along with this program.  If not, see <http://www.gnu.org/licenses/>.
  13:./tmk_core/protocol/lufa/outputselect.c **** */
  14:./tmk_core/protocol/lufa/outputselect.c **** 
  15:./tmk_core/protocol/lufa/outputselect.c **** #include "lufa.h"
  16:./tmk_core/protocol/lufa/outputselect.c **** #include "outputselect.h"
  17:./tmk_core/protocol/lufa/outputselect.c **** #ifdef MODULE_ADAFRUIT_BLE
  18:./tmk_core/protocol/lufa/outputselect.c ****     #include "adafruit_ble.h"
  19:./tmk_core/protocol/lufa/outputselect.c **** #endif
  20:./tmk_core/protocol/lufa/outputselect.c **** 
  21:./tmk_core/protocol/lufa/outputselect.c **** uint8_t desired_output = OUTPUT_DEFAULT;
  22:./tmk_core/protocol/lufa/outputselect.c **** 
  23:./tmk_core/protocol/lufa/outputselect.c **** void set_output(uint8_t output) {
  24:./tmk_core/protocol/lufa/outputselect.c ****     set_output_user(output);
  25:./tmk_core/protocol/lufa/outputselect.c ****     desired_output = output;
  26:./tmk_core/protocol/lufa/outputselect.c **** }
  27:./tmk_core/protocol/lufa/outputselect.c **** 
  28:./tmk_core/protocol/lufa/outputselect.c **** __attribute__((weak))
  29:./tmk_core/protocol/lufa/outputselect.c **** void set_output_user(uint8_t output) {
  16               		.loc 1 29 0
  17               		.cfi_startproc
  18               	.LVL0:
  19               	/* prologue: function */
  20               	/* frame size = 0 */
  21               	/* stack size = 0 */
  22               	.L__stack_usage = 0
  23               	/* epilogue start */
  30:./tmk_core/protocol/lufa/outputselect.c **** }
  24               		.loc 1 30 0
  25 0000 0895      		ret
  26               		.cfi_endproc
  27               	.LFE106:
  29               		.section	.text.set_output,"ax",@progbits
  30               	.global	set_output
  32               	set_output:
  33               	.LFB105:
  23:./tmk_core/protocol/lufa/outputselect.c ****     set_output_user(output);
  34               		.loc 1 23 0
  35               		.cfi_startproc
  36               	.LVL1:
  37 0000 CF93      		push r28
  38               	.LCFI0:
  39               		.cfi_def_cfa_offset 3
  40               		.cfi_offset 28, -2
  41               	/* prologue: function */
  42               	/* frame size = 0 */
  43               	/* stack size = 1 */
  44               	.L__stack_usage = 1
  45 0002 C82F      		mov r28,r24
  24:./tmk_core/protocol/lufa/outputselect.c ****     desired_output = output;
  46               		.loc 1 24 0
  47 0004 0E94 0000 		call set_output_user
  48               	.LVL2:
  25:./tmk_core/protocol/lufa/outputselect.c **** }
  49               		.loc 1 25 0
  50 0008 C093 0000 		sts desired_output,r28
  51               	/* epilogue start */
  26:./tmk_core/protocol/lufa/outputselect.c **** 
  52               		.loc 1 26 0
  53 000c CF91      		pop r28
  54               	.LVL3:
  55 000e 0895      		ret
  56               		.cfi_endproc
  57               	.LFE105:
  59               		.section	.text.auto_detect_output,"ax",@progbits
  60               	.global	auto_detect_output
  62               	auto_detect_output:
  63               	.LFB107:
  31:./tmk_core/protocol/lufa/outputselect.c **** 
  32:./tmk_core/protocol/lufa/outputselect.c **** uint8_t auto_detect_output(void) {
  64               		.loc 1 32 0
  65               		.cfi_startproc
  66               	/* prologue: function */
  67               	/* frame size = 0 */
  68               	/* stack size = 0 */
  69               	.L__stack_usage = 0
  33:./tmk_core/protocol/lufa/outputselect.c ****     if (USB_DeviceState == DEVICE_STATE_Configured) {
  70               		.loc 1 33 0
  71 0000 8091 0000 		lds r24,USB_DeviceState
  72 0004 8430      		cpi r24,lo8(4)
  73 0006 01F0      		breq .L5
  34:./tmk_core/protocol/lufa/outputselect.c ****         return OUTPUT_USB;
  35:./tmk_core/protocol/lufa/outputselect.c ****     }
  36:./tmk_core/protocol/lufa/outputselect.c **** 
  37:./tmk_core/protocol/lufa/outputselect.c **** #ifdef MODULE_ADAFRUIT_BLE
  38:./tmk_core/protocol/lufa/outputselect.c ****     if (adafruit_ble_is_connected()) {
  39:./tmk_core/protocol/lufa/outputselect.c ****         return OUTPUT_BLUETOOTH;
  40:./tmk_core/protocol/lufa/outputselect.c ****     }
  41:./tmk_core/protocol/lufa/outputselect.c **** #endif
  42:./tmk_core/protocol/lufa/outputselect.c **** 
  43:./tmk_core/protocol/lufa/outputselect.c **** #ifdef BLUETOOTH_ENABLE
  44:./tmk_core/protocol/lufa/outputselect.c ****     return OUTPUT_BLUETOOTH; // should check if BT is connected here
  45:./tmk_core/protocol/lufa/outputselect.c **** #endif
  46:./tmk_core/protocol/lufa/outputselect.c **** 
  47:./tmk_core/protocol/lufa/outputselect.c ****     return OUTPUT_NONE;
  74               		.loc 1 47 0
  75 0008 81E0      		ldi r24,lo8(1)
  76 000a 0895      		ret
  77               	.L5:
  34:./tmk_core/protocol/lufa/outputselect.c ****         return OUTPUT_USB;
  78               		.loc 1 34 0
  79 000c 82E0      		ldi r24,lo8(2)
  80               	/* epilogue start */
  48:./tmk_core/protocol/lufa/outputselect.c **** }
  81               		.loc 1 48 0
  82 000e 0895      		ret
  83               		.cfi_endproc
  84               	.LFE107:
  86               		.section	.text.where_to_send,"ax",@progbits
  87               	.global	where_to_send
  89               	where_to_send:
  90               	.LFB108:
  49:./tmk_core/protocol/lufa/outputselect.c **** 
  50:./tmk_core/protocol/lufa/outputselect.c **** uint8_t where_to_send(void) {
  91               		.loc 1 50 0
  92               		.cfi_startproc
  93               	/* prologue: function */
  94               	/* frame size = 0 */
  95               	/* stack size = 0 */
  96               	.L__stack_usage = 0
  51:./tmk_core/protocol/lufa/outputselect.c ****     if (desired_output == OUTPUT_AUTO) {
  97               		.loc 1 51 0
  98 0000 8091 0000 		lds r24,desired_output
  99 0004 8111      		cpse r24,__zero_reg__
 100 0006 00C0      		rjmp .L6
  52:./tmk_core/protocol/lufa/outputselect.c ****         return auto_detect_output();
 101               		.loc 1 52 0
 102 0008 0C94 0000 		jmp auto_detect_output
 103               	.LVL4:
 104               	.L6:
 105               	/* epilogue start */
  53:./tmk_core/protocol/lufa/outputselect.c ****     }
  54:./tmk_core/protocol/lufa/outputselect.c ****     return desired_output;
  55:./tmk_core/protocol/lufa/outputselect.c **** }
 106               		.loc 1 55 0
 107 000c 0895      		ret
 108               		.cfi_endproc
 109               	.LFE108:
 111               	.global	desired_output
 112               		.section	.bss.desired_output,"aw",@nobits
 115               	desired_output:
 116 0000 00        		.zero	1
 117               		.text
 118               	.Letext0:
 119               		.file 2 "/usr/avr/include/stdint.h"
 120               		.file 3 "./lib/lufa/LUFA/Drivers/USB/Core/AVR8/../StdRequestType.h"
 121               		.file 4 "./lib/lufa/LUFA/Drivers/USB/Core/AVR8/../DeviceStandardReq.h"
 122               		.file 5 "./lib/lufa/LUFA/Drivers/USB/Core/USBTask.h"
 123               		.file 6 "./lib/lufa/LUFA/Drivers/USB/Core/HostStandardReq.h"
 124               		.file 7 "/usr/avr/include/stdio.h"
 125               		.file 8 "./tmk_core/common/report.h"
 126               		.file 9 "./tmk_core/common/host_driver.h"
 127               		.file 10 "./tmk_core/common/host.h"
 128               		.file 11 "./tmk_core/protocol/lufa/lufa.h"
 129               		.file 12 "./lib/lufa/LUFA/Drivers/USB/Core/AVR8/../Device.h"
 130               		.file 13 "./tmk_core/protocol/lufa/outputselect.h"
DEFINED SYMBOLS
                            *ABS*:0000000000000000 outputselect.c
     /tmp/ccJTVvh2.s:2      *ABS*:000000000000003e __SP_H__
     /tmp/ccJTVvh2.s:3      *ABS*:000000000000003d __SP_L__
     /tmp/ccJTVvh2.s:4      *ABS*:000000000000003f __SREG__
     /tmp/ccJTVvh2.s:5      *ABS*:0000000000000000 __tmp_reg__
     /tmp/ccJTVvh2.s:6      *ABS*:0000000000000001 __zero_reg__
     /tmp/ccJTVvh2.s:13     .text.set_output_user:0000000000000000 set_output_user
     /tmp/ccJTVvh2.s:32     .text.set_output:0000000000000000 set_output
     /tmp/ccJTVvh2.s:115    .bss.desired_output:0000000000000000 desired_output
     /tmp/ccJTVvh2.s:62     .text.auto_detect_output:0000000000000000 auto_detect_output
     /tmp/ccJTVvh2.s:89     .text.where_to_send:0000000000000000 where_to_send

UNDEFINED SYMBOLS
USB_DeviceState
__do_clear_bss
